[32m2025-01-20 11:56:25 -0600[0m - dagster - [34mDEBUG[0m - __ASSET_JOB - 5b36f336-b57c-4949-82eb-8db761046191 - 38970 - LOGS_CAPTURED - Started capturing logs in process (pid: 38970).
[32m2025-01-20 11:56:25 -0600[0m - dagster - [34mDEBUG[0m - __ASSET_JOB - 5b36f336-b57c-4949-82eb-8db761046191 - 38970 - model_trained - STEP_START - Started execution of step "model_trained".
[32m2025-01-20 11:56:25 -0600[0m - dagster - [34mDEBUG[0m - __ASSET_JOB - 5b36f336-b57c-4949-82eb-8db761046191 - model_trained - Loading file from: /Users/ari/Desktop/github_repos/rec_sys/tmpfmir_qsu/storage/X_train using PickledObjectFilesystemIOManager...
[32m2025-01-20 11:56:25 -0600[0m - dagster - [34mDEBUG[0m - __ASSET_JOB - 5b36f336-b57c-4949-82eb-8db761046191 - 38970 - model_trained - LOADED_INPUT - Loaded input "X_train" using input manager "io_manager"
[32m2025-01-20 11:56:25 -0600[0m - dagster - [34mDEBUG[0m - __ASSET_JOB - 5b36f336-b57c-4949-82eb-8db761046191 - model_trained - Loading file from: /Users/ari/Desktop/github_repos/rec_sys/tmpfmir_qsu/storage/movie2Idx using PickledObjectFilesystemIOManager...
[32m2025-01-20 11:56:25 -0600[0m - dagster - [34mDEBUG[0m - __ASSET_JOB - 5b36f336-b57c-4949-82eb-8db761046191 - 38970 - model_trained - LOADED_INPUT - Loaded input "movie2Idx" using input manager "io_manager"
[32m2025-01-20 11:56:25 -0600[0m - dagster - [34mDEBUG[0m - __ASSET_JOB - 5b36f336-b57c-4949-82eb-8db761046191 - model_trained - Loading file from: /Users/ari/Desktop/github_repos/rec_sys/tmpfmir_qsu/storage/user2Idx using PickledObjectFilesystemIOManager...
[32m2025-01-20 11:56:25 -0600[0m - dagster - [34mDEBUG[0m - __ASSET_JOB - 5b36f336-b57c-4949-82eb-8db761046191 - 38970 - model_trained - LOADED_INPUT - Loaded input "user2Idx" using input manager "io_manager"
[32m2025-01-20 11:56:25 -0600[0m - dagster - [34mDEBUG[0m - __ASSET_JOB - 5b36f336-b57c-4949-82eb-8db761046191 - model_trained - Loading file from: /Users/ari/Desktop/github_repos/rec_sys/tmpfmir_qsu/storage/y_train using PickledObjectFilesystemIOManager...
[32m2025-01-20 11:56:25 -0600[0m - dagster - [34mDEBUG[0m - __ASSET_JOB - 5b36f336-b57c-4949-82eb-8db761046191 - 38970 - model_trained - LOADED_INPUT - Loaded input "y_train" using input manager "io_manager"
[32m2025-01-20 11:56:25 -0600[0m - dagster - [34mDEBUG[0m - __ASSET_JOB - 5b36f336-b57c-4949-82eb-8db761046191 - 38970 - model_trained - STEP_INPUT - Got input "X_train" of type "Any". (Type check passed).
[32m2025-01-20 11:56:25 -0600[0m - dagster - [34mDEBUG[0m - __ASSET_JOB - 5b36f336-b57c-4949-82eb-8db761046191 - 38970 - model_trained - STEP_INPUT - Got input "movie2Idx" of type "Any". (Type check passed).
[32m2025-01-20 11:56:25 -0600[0m - dagster - [34mDEBUG[0m - __ASSET_JOB - 5b36f336-b57c-4949-82eb-8db761046191 - 38970 - model_trained - STEP_INPUT - Got input "user2Idx" of type "Any". (Type check passed).
[32m2025-01-20 11:56:25 -0600[0m - dagster - [34mDEBUG[0m - __ASSET_JOB - 5b36f336-b57c-4949-82eb-8db761046191 - 38970 - model_trained - STEP_INPUT - Got input "y_train" of type "Any". (Type check passed).
Matplotlib is building the font cache; this may take a moment.
[32m2025-01-20 11:57:05 -0600[0m - dagster - [34mERROR[0m - [31m__ASSET_JOB - 5b36f336-b57c-4949-82eb-8db761046191 - 38970 - model_trained - STEP_FAILURE - Execution of step "model_trained" failed.

dagster._core.errors.DagsterUnknownResourceError: Unknown resource `mlflow`. Specify `mlflow` as a required resource on the compute / config function that accessed it.

Stack Trace:
  File "/Users/ari/opt/miniconda3/envs/dagster-rs/lib/python3.12/site-packages/dagster/_core/execution/plan/execute_plan.py", line 245, in dagster_event_sequence_for_step
    for step_event in check.generator(step_events):
                      ^^^^^^^^^^^^^^^^^^^^^^^^^^^^
  File "/Users/ari/opt/miniconda3/envs/dagster-rs/lib/python3.12/site-packages/dagster/_core/execution/plan/execute_step.py", line 500, in core_dagster_event_sequence_for_step
    for user_event in _step_output_error_checked_user_event_sequence(
                      ^^^^^^^^^^^^^^^^^^^^^^^^^^^^^^^^^^^^^^^^^^^^^^^
  File "/Users/ari/opt/miniconda3/envs/dagster-rs/lib/python3.12/site-packages/dagster/_core/execution/plan/execute_step.py", line 183, in _step_output_error_checked_user_event_sequence
    for user_event in user_event_sequence:
                      ^^^^^^^^^^^^^^^^^^^
  File "/Users/ari/opt/miniconda3/envs/dagster-rs/lib/python3.12/site-packages/dagster/_core/execution/plan/execute_step.py", line 87, in _process_asset_results_to_events
    for user_event in user_event_sequence:
                      ^^^^^^^^^^^^^^^^^^^
  File "/Users/ari/opt/miniconda3/envs/dagster-rs/lib/python3.12/site-packages/dagster/_core/execution/plan/compute.py", line 193, in execute_core_compute
    for step_output in _yield_compute_results(step_context, inputs, compute_fn, compute_context):
                       ^^^^^^^^^^^^^^^^^^^^^^^^^^^^^^^^^^^^^^^^^^^^^^^^^^^^^^^^^^^^^^^^^^^^^^^^^
  File "/Users/ari/opt/miniconda3/envs/dagster-rs/lib/python3.12/site-packages/dagster/_core/execution/plan/compute.py", line 162, in _yield_compute_results
    for event in iterate_with_context(
                 ^^^^^^^^^^^^^^^^^^^^^
  File "/Users/ari/opt/miniconda3/envs/dagster-rs/lib/python3.12/site-packages/dagster/_utils/__init__.py", line 490, in iterate_with_context
    next_output = next(iterator)
                  ^^^^^^^^^^^^^^
  File "/Users/ari/opt/miniconda3/envs/dagster-rs/lib/python3.12/site-packages/dagster/_core/execution/plan/compute_generator.py", line 140, in _coerce_op_compute_fn_to_iterator
    result = invoke_compute_fn(
             ^^^^^^^^^^^^^^^^^^
  File "/Users/ari/opt/miniconda3/envs/dagster-rs/lib/python3.12/site-packages/dagster/_core/execution/plan/compute_generator.py", line 128, in invoke_compute_fn
    return fn(context, **args_to_pass) if context_arg_provided else fn(**args_to_pass)
           ^^^^^^^^^^^^^^^^^^^^^^^^^^^
  File "/Users/ari/Desktop/github_repos/rec_sys/rec_sys/assets/train_model.py", line 82, in model_trained
    mlflow = context.resources.mlflow
             ^^^^^^^^^^^^^^^^^^^^^^^^
  File "/Users/ari/opt/miniconda3/envs/dagster-rs/lib/python3.12/site-packages/dagster/_core/definitions/scoped_resources_builder.py", line 29, in __getattr__
    raise DagsterUnknownResourceError(name)
[0m
