[32m2025-01-22 16:39:54 -0600[0m - dagster - [34mDEBUG[0m - sync_all - b1349f6e-e374-4e04-90ad-bab72fe0a972 - 98152 - LOGS_CAPTURED - Started capturing logs in process (pid: 98152).
[32m2025-01-22 16:39:54 -0600[0m - dagster - [34mDEBUG[0m - sync_all - b1349f6e-e374-4e04-90ad-bab72fe0a972 - 98152 - split_data - STEP_START - Started execution of step "split_data".
[32m2025-01-22 16:39:54 -0600[0m - dagster - [34mDEBUG[0m - sync_all - b1349f6e-e374-4e04-90ad-bab72fe0a972 - split_data - Loading file from: /Users/ari/Desktop/github_repos/rec_sys/tmpfmir_qsu/storage/preprocessed_training_data using PickledObjectFilesystemIOManager...
[32m2025-01-22 16:39:54 -0600[0m - dagster - [34mDEBUG[0m - sync_all - b1349f6e-e374-4e04-90ad-bab72fe0a972 - 98152 - split_data - LOADED_INPUT - Loaded input "preprocessed_training_data" using input manager "io_manager", from output "preprocessed_training_data" of step "preprocessed_data"
[32m2025-01-22 16:39:54 -0600[0m - dagster - [34mDEBUG[0m - sync_all - b1349f6e-e374-4e04-90ad-bab72fe0a972 - 98152 - split_data - STEP_INPUT - Got input "preprocessed_training_data" of type "Any". (Type check passed).
[32m2025-01-22 16:39:54 -0600[0m - dagster - [34mDEBUG[0m - sync_all - b1349f6e-e374-4e04-90ad-bab72fe0a972 - 98152 - split_data - STEP_OUTPUT - Yielded output "X_train" of type "Any". (Type check passed).
[32m2025-01-22 16:39:54 -0600[0m - dagster - [34mDEBUG[0m - sync_all - b1349f6e-e374-4e04-90ad-bab72fe0a972 - split_data - Writing file at: /Users/ari/Desktop/github_repos/rec_sys/tmpfmir_qsu/storage/X_train using PickledObjectFilesystemIOManager...
[32m2025-01-22 16:39:54 -0600[0m - dagster - [34mDEBUG[0m - sync_all - b1349f6e-e374-4e04-90ad-bab72fe0a972 - 98152 - split_data - ASSET_MATERIALIZATION - Materialized value X_train.
[32m2025-01-22 16:39:54 -0600[0m - dagster - [34mDEBUG[0m - sync_all - b1349f6e-e374-4e04-90ad-bab72fe0a972 - 98152 - split_data - HANDLED_OUTPUT - Handled output "X_train" using IO manager "io_manager"
[32m2025-01-22 16:39:54 -0600[0m - dagster - [34mDEBUG[0m - sync_all - b1349f6e-e374-4e04-90ad-bab72fe0a972 - 98152 - split_data - STEP_OUTPUT - Yielded output "X_test" of type "Any". (Type check passed).
[32m2025-01-22 16:39:54 -0600[0m - dagster - [34mDEBUG[0m - sync_all - b1349f6e-e374-4e04-90ad-bab72fe0a972 - split_data - Writing file at: /Users/ari/Desktop/github_repos/rec_sys/tmpfmir_qsu/storage/X_test using PickledObjectFilesystemIOManager...
[32m2025-01-22 16:39:54 -0600[0m - dagster - [34mDEBUG[0m - sync_all - b1349f6e-e374-4e04-90ad-bab72fe0a972 - 98152 - split_data - ASSET_MATERIALIZATION - Materialized value X_test.
[32m2025-01-22 16:39:54 -0600[0m - dagster - [34mDEBUG[0m - sync_all - b1349f6e-e374-4e04-90ad-bab72fe0a972 - 98152 - split_data - HANDLED_OUTPUT - Handled output "X_test" using IO manager "io_manager"
[32m2025-01-22 16:39:54 -0600[0m - dagster - [34mDEBUG[0m - sync_all - b1349f6e-e374-4e04-90ad-bab72fe0a972 - 98152 - split_data - STEP_OUTPUT - Yielded output "y_train" of type "Any". (Type check passed).
[32m2025-01-22 16:39:54 -0600[0m - dagster - [34mDEBUG[0m - sync_all - b1349f6e-e374-4e04-90ad-bab72fe0a972 - split_data - Writing file at: /Users/ari/Desktop/github_repos/rec_sys/tmpfmir_qsu/storage/y_train using PickledObjectFilesystemIOManager...
[32m2025-01-22 16:39:54 -0600[0m - dagster - [34mDEBUG[0m - sync_all - b1349f6e-e374-4e04-90ad-bab72fe0a972 - 98152 - split_data - ASSET_MATERIALIZATION - Materialized value y_train.
[32m2025-01-22 16:39:54 -0600[0m - dagster - [34mDEBUG[0m - sync_all - b1349f6e-e374-4e04-90ad-bab72fe0a972 - 98152 - split_data - HANDLED_OUTPUT - Handled output "y_train" using IO manager "io_manager"
[32m2025-01-22 16:39:54 -0600[0m - dagster - [34mDEBUG[0m - sync_all - b1349f6e-e374-4e04-90ad-bab72fe0a972 - 98152 - split_data - STEP_OUTPUT - Yielded output "y_test" of type "Any". (Type check passed).
[32m2025-01-22 16:39:54 -0600[0m - dagster - [34mDEBUG[0m - sync_all - b1349f6e-e374-4e04-90ad-bab72fe0a972 - split_data - Writing file at: /Users/ari/Desktop/github_repos/rec_sys/tmpfmir_qsu/storage/y_test using PickledObjectFilesystemIOManager...
[32m2025-01-22 16:39:54 -0600[0m - dagster - [34mDEBUG[0m - sync_all - b1349f6e-e374-4e04-90ad-bab72fe0a972 - 98152 - split_data - ASSET_MATERIALIZATION - Materialized value y_test.
[32m2025-01-22 16:39:54 -0600[0m - dagster - [34mDEBUG[0m - sync_all - b1349f6e-e374-4e04-90ad-bab72fe0a972 - 98152 - split_data - HANDLED_OUTPUT - Handled output "y_test" using IO manager "io_manager"
[32m2025-01-22 16:39:54 -0600[0m - dagster - [34mDEBUG[0m - sync_all - b1349f6e-e374-4e04-90ad-bab72fe0a972 - 98152 - split_data - STEP_SUCCESS - Finished execution of step "split_data" in 126ms.
