[32m2025-01-28 14:00:02 -0600[0m - dagster - [34mDEBUG[0m - model_training - d1407a51-cffd-4f27-8c4e-2ba68d0f733e - 22048 - LOGS_CAPTURED - Started capturing logs in process (pid: 22048).
[32m2025-01-28 14:00:02 -0600[0m - dagster - [34mDEBUG[0m - model_training - d1407a51-cffd-4f27-8c4e-2ba68d0f733e - 22048 - model_metrics - STEP_START - Started execution of step "model_metrics".
[32m2025-01-28 14:00:02 -0600[0m - dagster - [34mDEBUG[0m - model_training - d1407a51-cffd-4f27-8c4e-2ba68d0f733e - model_metrics - Loading file from: /Users/ari/Desktop/github_repos/rec_sys/tmpfmir_qsu/storage/X_test using PickledObjectFilesystemIOManager...
[32m2025-01-28 14:00:02 -0600[0m - dagster - [34mDEBUG[0m - model_training - d1407a51-cffd-4f27-8c4e-2ba68d0f733e - 22048 - model_metrics - LOADED_INPUT - Loaded input "X_test" using input manager "io_manager"
[32m2025-01-28 14:00:02 -0600[0m - dagster - [34mDEBUG[0m - model_training - d1407a51-cffd-4f27-8c4e-2ba68d0f733e - model_metrics - Loading file from: /Users/ari/Desktop/github_repos/rec_sys/tmpfmir_qsu/storage/model_stored using PickledObjectFilesystemIOManager...
[32m2025-01-28 14:00:02 -0600[0m - dagster - [34mDEBUG[0m - model_training - d1407a51-cffd-4f27-8c4e-2ba68d0f733e - 22048 - model_metrics - LOADED_INPUT - Loaded input "model_stored" using input manager "io_manager", from output "result" of step "model_stored"
[32m2025-01-28 14:00:02 -0600[0m - dagster - [34mDEBUG[0m - model_training - d1407a51-cffd-4f27-8c4e-2ba68d0f733e - model_metrics - Loading file from: /Users/ari/Desktop/github_repos/rec_sys/tmpfmir_qsu/storage/y_test using PickledObjectFilesystemIOManager...
[32m2025-01-28 14:00:02 -0600[0m - dagster - [34mDEBUG[0m - model_training - d1407a51-cffd-4f27-8c4e-2ba68d0f733e - 22048 - model_metrics - LOADED_INPUT - Loaded input "y_test" using input manager "io_manager"
[32m2025-01-28 14:00:02 -0600[0m - dagster - [34mDEBUG[0m - model_training - d1407a51-cffd-4f27-8c4e-2ba68d0f733e - 22048 - model_metrics - STEP_INPUT - Got input "X_test" of type "Any". (Type check passed).
[32m2025-01-28 14:00:02 -0600[0m - dagster - [34mDEBUG[0m - model_training - d1407a51-cffd-4f27-8c4e-2ba68d0f733e - 22048 - model_metrics - STEP_INPUT - Got input "model_stored" of type "Any". (Type check passed).
[32m2025-01-28 14:00:02 -0600[0m - dagster - [34mDEBUG[0m - model_training - d1407a51-cffd-4f27-8c4e-2ba68d0f733e - 22048 - model_metrics - STEP_INPUT - Got input "y_test" of type "Any". (Type check passed).
/Users/ari/opt/miniconda3/envs/dagster-rs/lib/python3.12/site-packages/keras/src/layers/layer.py:938: UserWarning: Layer 'FlattenMovies' (of type Flatten) was passed an input with a mask attached to it. However, this layer does not support masking and will therefore destroy the mask information. Downstream layers will not see the mask.
  warnings.warn(
/Users/ari/opt/miniconda3/envs/dagster-rs/lib/python3.12/site-packages/keras/src/layers/layer.py:938: UserWarning: Layer 'FlattenUsers' (of type Flatten) was passed an input with a mask attached to it. However, this layer does not support masking and will therefore destroy the mask information. Downstream layers will not see the mask.
  warnings.warn(
[32m2025-01-28 14:00:05 -0600[0m - dagster - [34mDEBUG[0m - model_training - d1407a51-cffd-4f27-8c4e-2ba68d0f733e - 22048 - model_metrics - STEP_OUTPUT - Yielded output "result" of type "Any". (Type check passed).
[32m2025-01-28 14:00:05 -0600[0m - dagster - [34mDEBUG[0m - model_training - d1407a51-cffd-4f27-8c4e-2ba68d0f733e - model_metrics - Writing file at: /Users/ari/Desktop/github_repos/rec_sys/tmpfmir_qsu/storage/model_metrics using PickledObjectFilesystemIOManager...
[32m2025-01-28 14:00:05 -0600[0m - dagster - [34mDEBUG[0m - model_training - d1407a51-cffd-4f27-8c4e-2ba68d0f733e - 22048 - model_metrics - ASSET_MATERIALIZATION - Materialized value model_metrics.
[32m2025-01-28 14:00:05 -0600[0m - dagster - [34mDEBUG[0m - model_training - d1407a51-cffd-4f27-8c4e-2ba68d0f733e - 22048 - model_metrics - HANDLED_OUTPUT - Handled output "result" using IO manager "io_manager"
[32m2025-01-28 14:00:05 -0600[0m - dagster - [34mDEBUG[0m - model_training - d1407a51-cffd-4f27-8c4e-2ba68d0f733e - 22048 - model_metrics - STEP_SUCCESS - Finished execution of step "model_metrics" in 3.04s.
