[32m2025-01-28 13:59:32 -0600[0m - dagster - [34mDEBUG[0m - model_training - d1407a51-cffd-4f27-8c4e-2ba68d0f733e - 21855 - LOGS_CAPTURED - Started capturing logs in process (pid: 21855).
[32m2025-01-28 13:59:32 -0600[0m - dagster - [34mDEBUG[0m - model_training - d1407a51-cffd-4f27-8c4e-2ba68d0f733e - 21855 - model_trained - STEP_START - Started execution of step "model_trained".
[32m2025-01-28 13:59:33 -0600[0m - dagster - [34mDEBUG[0m - model_training - d1407a51-cffd-4f27-8c4e-2ba68d0f733e - model_trained - Loading file from: /Users/ari/Desktop/github_repos/rec_sys/tmpfmir_qsu/storage/X_train using PickledObjectFilesystemIOManager...
[32m2025-01-28 13:59:33 -0600[0m - dagster - [34mDEBUG[0m - model_training - d1407a51-cffd-4f27-8c4e-2ba68d0f733e - 21855 - model_trained - LOADED_INPUT - Loaded input "X_train" using input manager "io_manager"
[32m2025-01-28 13:59:33 -0600[0m - dagster - [34mDEBUG[0m - model_training - d1407a51-cffd-4f27-8c4e-2ba68d0f733e - model_trained - Loading file from: /Users/ari/Desktop/github_repos/rec_sys/tmpfmir_qsu/storage/movie2Idx using PickledObjectFilesystemIOManager...
[32m2025-01-28 13:59:33 -0600[0m - dagster - [34mDEBUG[0m - model_training - d1407a51-cffd-4f27-8c4e-2ba68d0f733e - 21855 - model_trained - LOADED_INPUT - Loaded input "movie2Idx" using input manager "io_manager"
[32m2025-01-28 13:59:33 -0600[0m - dagster - [34mDEBUG[0m - model_training - d1407a51-cffd-4f27-8c4e-2ba68d0f733e - model_trained - Loading file from: /Users/ari/Desktop/github_repos/rec_sys/tmpfmir_qsu/storage/user2Idx using PickledObjectFilesystemIOManager...
[32m2025-01-28 13:59:33 -0600[0m - dagster - [34mDEBUG[0m - model_training - d1407a51-cffd-4f27-8c4e-2ba68d0f733e - 21855 - model_trained - LOADED_INPUT - Loaded input "user2Idx" using input manager "io_manager"
[32m2025-01-28 13:59:33 -0600[0m - dagster - [34mDEBUG[0m - model_training - d1407a51-cffd-4f27-8c4e-2ba68d0f733e - model_trained - Loading file from: /Users/ari/Desktop/github_repos/rec_sys/tmpfmir_qsu/storage/y_train using PickledObjectFilesystemIOManager...
[32m2025-01-28 13:59:33 -0600[0m - dagster - [34mDEBUG[0m - model_training - d1407a51-cffd-4f27-8c4e-2ba68d0f733e - 21855 - model_trained - LOADED_INPUT - Loaded input "y_train" using input manager "io_manager"
[32m2025-01-28 13:59:33 -0600[0m - dagster - [34mDEBUG[0m - model_training - d1407a51-cffd-4f27-8c4e-2ba68d0f733e - 21855 - model_trained - STEP_INPUT - Got input "X_train" of type "Any". (Type check passed).
[32m2025-01-28 13:59:33 -0600[0m - dagster - [34mDEBUG[0m - model_training - d1407a51-cffd-4f27-8c4e-2ba68d0f733e - 21855 - model_trained - STEP_INPUT - Got input "movie2Idx" of type "Any". (Type check passed).
[32m2025-01-28 13:59:33 -0600[0m - dagster - [34mDEBUG[0m - model_training - d1407a51-cffd-4f27-8c4e-2ba68d0f733e - 21855 - model_trained - STEP_INPUT - Got input "user2Idx" of type "Any". (Type check passed).
[32m2025-01-28 13:59:33 -0600[0m - dagster - [34mDEBUG[0m - model_training - d1407a51-cffd-4f27-8c4e-2ba68d0f733e - 21855 - model_trained - STEP_INPUT - Got input "y_train" of type "Any". (Type check passed).
/Users/ari/opt/miniconda3/envs/dagster-rs/lib/python3.12/site-packages/keras/src/layers/layer.py:938: UserWarning: Layer 'FlattenMovies' (of type Flatten) was passed an input with a mask attached to it. However, this layer does not support masking and will therefore destroy the mask information. Downstream layers will not see the mask.
  warnings.warn(
/Users/ari/opt/miniconda3/envs/dagster-rs/lib/python3.12/site-packages/keras/src/layers/layer.py:938: UserWarning: Layer 'FlattenUsers' (of type Flatten) was passed an input with a mask attached to it. However, this layer does not support masking and will therefore destroy the mask information. Downstream layers will not see the mask.
  warnings.warn(
[32m2025-01-28 13:59:36 -0600[0m - dagster - [34mINFO[0m - model_training - d1407a51-cffd-4f27-8c4e-2ba68d0f733e - model_trained - batch_size: 128 - epochs: 15
2025/01/28 13:59:36 WARNING mlflow.tensorflow: Unrecognized dataset type <class 'list'>. Dataset logging skipped.
2025/01/28 13:59:37 WARNING mlflow.utils.checkpoint_utils: Checkpoint logging is skipped, because checkpoint 'save_best_only' config is True, it requires to compare the monitored metric value, but the provided monitored metric value is not available.
2025/01/28 13:59:37 WARNING mlflow.utils.checkpoint_utils: Checkpoint logging is skipped, because checkpoint 'save_best_only' config is True, it requires to compare the monitored metric value, but the provided monitored metric value is not available.
2025/01/28 13:59:37 WARNING mlflow.utils.checkpoint_utils: Checkpoint logging is skipped, because checkpoint 'save_best_only' config is True, it requires to compare the monitored metric value, but the provided monitored metric value is not available.
2025/01/28 13:59:37 WARNING mlflow.utils.checkpoint_utils: Checkpoint logging is skipped, because checkpoint 'save_best_only' config is True, it requires to compare the monitored metric value, but the provided monitored metric value is not available.
2025/01/28 13:59:37 WARNING mlflow.utils.checkpoint_utils: Checkpoint logging is skipped, because checkpoint 'save_best_only' config is True, it requires to compare the monitored metric value, but the provided monitored metric value is not available.
2025/01/28 13:59:37 WARNING mlflow.utils.checkpoint_utils: Checkpoint logging is skipped, because checkpoint 'save_best_only' config is True, it requires to compare the monitored metric value, but the provided monitored metric value is not available.
2025/01/28 13:59:37 WARNING mlflow.utils.checkpoint_utils: Checkpoint logging is skipped, because checkpoint 'save_best_only' config is True, it requires to compare the monitored metric value, but the provided monitored metric value is not available.
2025/01/28 13:59:38 WARNING mlflow.utils.checkpoint_utils: Checkpoint logging is skipped, because checkpoint 'save_best_only' config is True, it requires to compare the monitored metric value, but the provided monitored metric value is not available.
2025/01/28 13:59:38 WARNING mlflow.utils.checkpoint_utils: Checkpoint logging is skipped, because checkpoint 'save_best_only' config is True, it requires to compare the monitored metric value, but the provided monitored metric value is not available.
2025/01/28 13:59:38 WARNING mlflow.utils.checkpoint_utils: Checkpoint logging is skipped, because checkpoint 'save_best_only' config is True, it requires to compare the monitored metric value, but the provided monitored metric value is not available.
2025/01/28 13:59:38 WARNING mlflow.utils.checkpoint_utils: Checkpoint logging is skipped, because checkpoint 'save_best_only' config is True, it requires to compare the monitored metric value, but the provided monitored metric value is not available.
2025/01/28 13:59:38 WARNING mlflow.utils.checkpoint_utils: Checkpoint logging is skipped, because checkpoint 'save_best_only' config is True, it requires to compare the monitored metric value, but the provided monitored metric value is not available.
2025/01/28 13:59:38 WARNING mlflow.utils.checkpoint_utils: Checkpoint logging is skipped, because checkpoint 'save_best_only' config is True, it requires to compare the monitored metric value, but the provided monitored metric value is not available.
2025/01/28 13:59:38 WARNING mlflow.utils.checkpoint_utils: Checkpoint logging is skipped, because checkpoint 'save_best_only' config is True, it requires to compare the monitored metric value, but the provided monitored metric value is not available.
2025/01/28 13:59:38 WARNING mlflow.utils.checkpoint_utils: Checkpoint logging is skipped, because checkpoint 'save_best_only' config is True, it requires to compare the monitored metric value, but the provided monitored metric value is not available.
2025/01/28 13:59:38 WARNING mlflow.tensorflow: Failed to infer model signature: could not sample data to infer model signature: Cannot log input example or model signature for input with type <class 'list'>. TensorFlow Keras autologging can only log input examples and model signatures for the following input types: numpy.ndarray, dict[string -> numpy.ndarray], tensorflow.keras.utils.Sequence, and tensorflow.data.Dataset (TensorFlow >= 2.1.0 required)
2025/01/28 13:59:38 WARNING mlflow.tensorflow: You are saving a TensorFlow Core model or Keras model without a signature. Inference with mlflow.pyfunc.spark_udf() will not work unless the model's pyfunc representation accepts pandas DataFrames as inference inputs.
[31m2025/01/28 13:59:44 WARNING mlflow.models.model: Model logged without a signature and input example. Please set `input_example` parameter when logging the model to auto infer the model signature.[0m
[32m2025-01-28 13:59:45 -0600[0m - dagster - [34mDEBUG[0m - model_training - d1407a51-cffd-4f27-8c4e-2ba68d0f733e - 21855 - model_trained - STEP_OUTPUT - Yielded output "result" of type "Any". (Type check passed).
[32m2025-01-28 13:59:45 -0600[0m - dagster - [34mDEBUG[0m - model_training - d1407a51-cffd-4f27-8c4e-2ba68d0f733e - model_trained - Writing file at: /Users/ari/Desktop/github_repos/rec_sys/tmpfmir_qsu/storage/model_trained using PickledObjectFilesystemIOManager...
[32m2025-01-28 13:59:45 -0600[0m - dagster - [34mDEBUG[0m - model_training - d1407a51-cffd-4f27-8c4e-2ba68d0f733e - 21855 - model_trained - ASSET_MATERIALIZATION - Materialized value model_trained.
[32m2025-01-28 13:59:45 -0600[0m - dagster - [34mDEBUG[0m - model_training - d1407a51-cffd-4f27-8c4e-2ba68d0f733e - 21855 - model_trained - HANDLED_OUTPUT - Handled output "result" using IO manager "io_manager"
[32m2025-01-28 13:59:45 -0600[0m - dagster - [34mDEBUG[0m - model_training - d1407a51-cffd-4f27-8c4e-2ba68d0f733e - 21855 - model_trained - STEP_SUCCESS - Finished execution of step "model_trained" in 12.34s.
