[32m2025-01-18 14:23:05 -0600[0m - dagster - [34mDEBUG[0m - __ASSET_JOB - a1e0c622-3e70-40f3-9f75-6bd0d0321e90 - 94997 - LOGS_CAPTURED - Started capturing logs in process (pid: 94997).
[32m2025-01-18 14:23:05 -0600[0m - dagster - [34mDEBUG[0m - __ASSET_JOB - a1e0c622-3e70-40f3-9f75-6bd0d0321e90 - 94997 - preprocessed_data - STEP_START - Started execution of step "preprocessed_data".
[32m2025-01-18 14:23:05 -0600[0m - dagster - [34mDEBUG[0m - __ASSET_JOB - a1e0c622-3e70-40f3-9f75-6bd0d0321e90 - preprocessed_data - Loading file from: /Users/ari/Desktop/github_repos/rec_sys/tmpfmir_qsu/storage/scores_movies_users using PickledObjectFilesystemIOManager...
[32m2025-01-18 14:23:05 -0600[0m - dagster - [34mERROR[0m - [31m__ASSET_JOB - a1e0c622-3e70-40f3-9f75-6bd0d0321e90 - 94997 - preprocessed_data - STEP_FAILURE - Execution of step "preprocessed_data" failed.

dagster._core.errors.DagsterExecutionLoadInputError: Error occurred while loading input "training_data" of step "preprocessed_data"::

FileNotFoundError: [Errno 2] No such file or directory: '/Users/ari/Desktop/github_repos/rec_sys/tmpfmir_qsu/storage/scores_movies_users'

Stack Trace:
  File "/Users/ari/opt/miniconda3/envs/dagster-rs/lib/python3.12/site-packages/dagster/_core/execution/plan/utils.py", line 54, in op_execution_error_boundary
    yield
  File "/Users/ari/opt/miniconda3/envs/dagster-rs/lib/python3.12/site-packages/dagster/_core/execution/plan/inputs.py", line 620, in _load_input_with_input_manager
    value = input_manager.load_input(context)
            ^^^^^^^^^^^^^^^^^^^^^^^^^^^^^^^^^
  File "/Users/ari/opt/miniconda3/envs/dagster-rs/lib/python3.12/site-packages/dagster/_core/storage/upath_io_manager.py", line 405, in load_input
    return self._load_single_input(path, context)
           ^^^^^^^^^^^^^^^^^^^^^^^^^^^^^^^^^^^^^^
  File "/Users/ari/opt/miniconda3/envs/dagster-rs/lib/python3.12/site-packages/dagster/_core/storage/upath_io_manager.py", line 272, in _load_single_input
    obj = self.load_from_path(context=context, path=path)
          ^^^^^^^^^^^^^^^^^^^^^^^^^^^^^^^^^^^^^^^^^^^^^^^
  File "/Users/ari/opt/miniconda3/envs/dagster-rs/lib/python3.12/site-packages/dagster/_core/storage/fs_io_manager.py", line 283, in load_from_path
    with path.open("rb") as file:
         ^^^^^^^^^^^^^^^
  File "/Users/ari/opt/miniconda3/envs/dagster-rs/lib/python3.12/site-packages/upath/implementations/local.py", line 134, in open
    return PosixPath.open(self, mode, buffering, encoding, errors, newline)
           ^^^^^^^^^^^^^^^^^^^^^^^^^^^^^^^^^^^^^^^^^^^^^^^^^^^^^^^^^^^^^^^^
  File "/Users/ari/opt/miniconda3/envs/dagster-rs/lib/python3.12/pathlib.py", line 1013, in open
    return io.open(self, mode, buffering, encoding, errors, newline)
           ^^^^^^^^^^^^^^^^^^^^^^^^^^^^^^^^^^^^^^^^^^^^^^^^^^^^^^^^^
[0m
