2025-01-18 16:15:18 [46mplatform[0m > Using job log path: /workspace/149/0/logs.log
2025-01-18 16:15:19 [32mINFO[m i.a.w.l.p.s.m.Stage(apply):39 - APPLY Stage: CLAIM — (workloadId = 95c3449c-39ee-4fe8-ac16-0ae57c772b4f_149_0_sync) — (dataplaneId = local)
2025-01-18 16:15:18 [46mplatform[0m > Executing worker wrapper. Airbyte version: 1.1.0
2025-01-18 16:15:18 [46mplatform[0m > Creating workload 95c3449c-39ee-4fe8-ac16-0ae57c772b4f_149_0_sync
2025-01-18 16:15:19 [46mplatform[0m > Workload 95c3449c-39ee-4fe8-ac16-0ae57c772b4f_149_0_sync is pending
2025-01-18 16:15:20 [32mINFO[m i.a.w.l.c.WorkloadApiClient(claim):75 - Claimed: true for 95c3449c-39ee-4fe8-ac16-0ae57c772b4f_149_0_sync via API for local
2025-01-18 16:15:20 [32mINFO[m i.a.w.l.p.s.m.Stage(apply):39 - APPLY Stage: CHECK_STATUS — (workloadId = 95c3449c-39ee-4fe8-ac16-0ae57c772b4f_149_0_sync) — (dataplaneId = local)
2025-01-18 16:15:20 [32mINFO[m i.a.w.l.p.s.CheckStatusStage(applyStage):59 - No pod found running for workload 95c3449c-39ee-4fe8-ac16-0ae57c772b4f_149_0_sync
2025-01-18 16:15:20 [32mINFO[m i.a.w.l.p.s.m.Stage(apply):39 - APPLY Stage: BUILD — (workloadId = 95c3449c-39ee-4fe8-ac16-0ae57c772b4f_149_0_sync) — (dataplaneId = local)
2025-01-18 16:15:20 [32mINFO[m i.a.w.l.p.s.m.Stage(apply):39 - APPLY Stage: MUTEX — (workloadId = 95c3449c-39ee-4fe8-ac16-0ae57c772b4f_149_0_sync) — (dataplaneId = local)
2025-01-18 16:15:20 [32mINFO[m i.a.w.l.p.s.EnforceMutexStage(applyStage):54 - Mutex key: 95c3449c-39ee-4fe8-ac16-0ae57c772b4f specified for workload: 95c3449c-39ee-4fe8-ac16-0ae57c772b4f_149_0_sync. Attempting to delete existing pods...
2025-01-18 16:15:20 [32mINFO[m i.a.w.l.p.s.EnforceMutexStage(applyStage):65 - Mutex key: 95c3449c-39ee-4fe8-ac16-0ae57c772b4f specified for workload: 95c3449c-39ee-4fe8-ac16-0ae57c772b4f_149_0_sync found no existing pods. Continuing...
2025-01-18 16:15:20 [32mINFO[m i.a.w.l.p.s.m.Stage(apply):39 - APPLY Stage: LAUNCH — (workloadId = 95c3449c-39ee-4fe8-ac16-0ae57c772b4f_149_0_sync) — (dataplaneId = local)
2025-01-18 16:15:20 [32mINFO[m i.a.w.l.p.KubePodClient(launchReplication):84 - Launching replication pod: replication-job-149-attempt-0 with containers:
2025-01-18 16:15:20 [32mINFO[m i.a.w.l.p.KubePodClient(launchReplication):85 - [source] image: airbyte/source-file:0.5.12 resources: ResourceRequirements(claims=[], limits={memory=4Gi, cpu=3}, requests={memory=1Gi, cpu=0.5}, additionalProperties={})
2025-01-18 16:15:20 [32mINFO[m i.a.w.l.p.KubePodClient(launchReplication):86 - [destination] image: airbyte/destination-postgres:2.4.0 resources: ResourceRequirements(claims=[], limits={memory=4Gi, cpu=3}, requests={memory=1Gi, cpu=0.5}, additionalProperties={})
2025-01-18 16:15:20 [32mINFO[m i.a.w.l.p.KubePodClient(launchReplication):87 - [orchestrator] image: airbyte/container-orchestrator:1.1.0 resources: ResourceRequirements(claims=[], limits={memory=4Gi, cpu=3}, requests={memory=2Gi, cpu=1}, additionalProperties={})
2025-01-18 16:16:24 [32mINFO[m i.m.r.Micronaut(start):101 - Startup completed in 2265ms. Server Running: http://replication-job-149-attempt-0:9000
2025-01-18 16:16:25 [46mreplication-orchestrator[0m > Setting up source...
2025-01-18 16:16:25 [32mINFO[m i.a.f.ConfigFileClient(<init>):113 - path /flags does not exist, will return default flag values
2025-01-18 16:16:25 [33mWARN[m i.a.m.l.MetricClientFactory(initialize):72 - MetricClient was not recognized or not provided. Accepted values are `datadog` or `otel`. 
2025-01-18 16:16:49 [32mINFO[m i.a.a.SegmentAnalyticsClient(close):232 - Closing Segment analytics client...
2025-01-18 16:16:49 [32mINFO[m i.a.a.BlockingShutdownAnalyticsPlugin(waitForFlush):288 - Waiting for Segment analytic client to flush enqueued messages...
2025-01-18 16:16:49 [32mINFO[m i.a.a.BlockingShutdownAnalyticsPlugin(waitForFlush):300 - Segment analytic client flush complete.
2025-01-18 16:16:49 [32mINFO[m i.a.a.SegmentAnalyticsClient(close):236 - Segment analytics client closed.  No new events will be accepted.
2025-01-18 16:16:25 [46mreplication-orchestrator[0m > Setting up destination...
2025-01-18 16:16:25 [46mreplication-orchestrator[0m > Setting up replication worker...
2025-01-18 16:16:25 [46mreplication-orchestrator[0m > starting state flush thread for connectionId 95c3449c-39ee-4fe8-ac16-0ae57c772b4f
2025-01-18 16:16:25 [46mreplication-orchestrator[0m > Using ClosableLinkedBlockingQueue
2025-01-18 16:16:25 [46mreplication-orchestrator[0m > Using ClosableLinkedBlockingQueue
2025-01-18 16:16:25 [46mreplication-orchestrator[0m > Running replication worker...
2025-01-18 16:16:25 [46mreplication-orchestrator[0m > start sync worker. job id: 149 attempt id: 0
2025-01-18 16:16:25 [46mreplication-orchestrator[0m > 
2025-01-18 16:16:25 [46mreplication-orchestrator[0m > ----- START REPLICATION -----
2025-01-18 16:16:25 [46mreplication-orchestrator[0m > 
2025-01-18 16:16:25 [46mreplication-orchestrator[0m > Number of Resumed Full Refresh Streams: {0}
2025-01-18 16:16:25 [46mreplication-orchestrator[0m > Running destination...
2025-01-18 16:16:25 [46mreplication-orchestrator[0m > Writing messages to protocol version 0.2.0
2025-01-18 16:16:25 [46mreplication-orchestrator[0m > Reading messages from protocol version 0.2.0
2025-01-18 16:16:25 [46mreplication-orchestrator[0m > Reading messages from protocol version 0.2.0
2025-01-18 16:16:25 [46mreplication-orchestrator[0m > Starting workload heartbeat
2025-01-18 16:16:25 [46mreplication-orchestrator[0m > readFromSource: start
2025-01-18 16:16:25 [46mreplication-orchestrator[0m > Starting source heartbeat check. Will check threshold of 10800 seconds, every 1 minutes.
2025-01-18 16:16:25 [46mreplication-orchestrator[0m > readFromDestination: start
2025-01-18 16:16:25 [46mreplication-orchestrator[0m > processMessage: start
2025-01-18 16:16:25 [46mreplication-orchestrator[0m > writeToDestination: start
2025-01-18 16:16:26 [43mdestination[0m > INFO main i.a.i.d.p.PostgresDestination$Companion(main):219 starting destination: class io.airbyte.integrations.destination.postgres.PostgresDestination
2025-01-18 16:16:26 [43mdestination[0m > INFO main i.a.c.i.b.IntegrationCliParser$Companion(parseOptions):144 integration args: {catalog=/dest/catalog.json, write=null, config=/dest/connectorConfig.json}
2025-01-18 16:16:26 [43mdestination[0m > INFO main i.a.c.i.b.IntegrationRunner(runInternal):130 Running integration: io.airbyte.cdk.integrations.base.ssh.SshWrappedDestination
2025-01-18 16:16:26 [43mdestination[0m > INFO main i.a.c.i.b.IntegrationRunner(runInternal):131 Command: WRITE
2025-01-18 16:16:26 [43mdestination[0m > INFO main i.a.c.i.b.IntegrationRunner(runInternal):132 Integration config: IntegrationConfig{command=WRITE, configPath='/dest/connectorConfig.json', catalogPath='/dest/catalog.json', statePath='null'}
2025-01-18 16:16:26 [43mdestination[0m > WARN main c.n.s.UnknownKeywordFactory(lambda$getKeyword$0):37 Unknown keyword order - you should define your own Meta Schema. If the keyword is irrelevant for validation, just use a NonValidationKeyword or if it should generate annotations AnnotationKeyword
2025-01-18 16:16:26 [43mdestination[0m > WARN main c.n.s.UnknownKeywordFactory(lambda$getKeyword$0):37 Unknown keyword airbyte_secret - you should define your own Meta Schema. If the keyword is irrelevant for validation, just use a NonValidationKeyword or if it should generate annotations AnnotationKeyword
2025-01-18 16:16:26 [43mdestination[0m > WARN main c.n.s.UnknownKeywordFactory(lambda$getKeyword$0):37 Unknown keyword multiline - you should define your own Meta Schema. If the keyword is irrelevant for validation, just use a NonValidationKeyword or if it should generate annotations AnnotationKeyword
2025-01-18 16:16:26 [43mdestination[0m > INFO main i.a.c.i.b.s.SshWrappedDestination(getSerializedMessageConsumer):112 No SSH connection options found, using defaults
2025-01-18 16:16:26 [43mdestination[0m > INFO main i.a.c.i.b.s.SshTunnel$Companion(getInstance):423 Starting connection with method: NO_TUNNEL
2025-01-18 16:16:26 [43mdestination[0m > INFO main c.z.h.HikariDataSource(<init>):79 HikariPool-1 - Starting...
2025-01-18 16:16:26 [43mdestination[0m > INFO main c.z.h.HikariDataSource(<init>):81 HikariPool-1 - Start completed.
2025-01-18 16:16:27 [43mdestination[0m > INFO main i.a.i.b.d.t.CatalogParser(parseCatalog):132 Running sync with stream configs: [StreamConfig(id=StreamId(finalNamespace=source, finalName=scores, rawNamespace=airbyte_internal, rawName=source_raw__stream_scores, originalNamespace=source, originalName=scores), postImportAction=DEDUPE, primaryKey=[ColumnId(name=index, originalName=index, canonicalName=index)], cursor=Optional.empty, columns={ColumnId(name=Date, originalName=Date, canonicalName=Date)=STRING, ColumnId(name=index, originalName=index, canonicalName=index)=NUMBER, ColumnId(name=rating, originalName=rating, canonicalName=rating)=NUMBER, ColumnId(name=user_id, originalName=user_id, canonicalName=user_id)=NUMBER, ColumnId(name=movie_id, originalName=movie_id, canonicalName=movie_id)=NUMBER, ColumnId(name=Unnamed__0, originalName=Unnamed: 0, canonicalName=Unnamed__0)=NUMBER}, generationId=61, minimumGenerationId=61, syncId=149)]
2025-01-18 16:16:27 [43mdestination[0m > INFO main i.a.c.i.d.a.b.BufferManager(<init>):48 Max 'memory' available for buffer allocation 614 MB
2025-01-18 16:16:27 [43mdestination[0m > INFO main i.a.c.i.b.IntegrationRunner$Companion(consumeWriteStream$io_airbyte_airbyte_cdk_java_airbyte_cdk_airbyte_cdk_core):406 Starting buffered read of input stream
2025-01-18 16:16:27 [43mdestination[0m > INFO main i.a.c.i.d.a.FlushWorkers(start):73 Start async buffer supervisor
2025-01-18 16:16:27 [43mdestination[0m > INFO pool-3-thread-1 i.a.c.i.d.a.b.BufferManager(printQueueInfo):94 [ASYNC QUEUE INFO] Global: max: 614.4 MB, allocated: 10 MB (10.0 MB), %% used: 0.016276041676772164 | State Manager memory usage: Allocated: 10 MB, Used: 0 bytes, percentage Used 0.0
2025-01-18 16:16:27 [43mdestination[0m > INFO main i.a.c.i.d.a.AsyncStreamConsumer(start):89 class io.airbyte.cdk.integrations.destination.async.AsyncStreamConsumer started.
2025-01-18 16:16:27 [43mdestination[0m > INFO pool-6-thread-1 i.a.c.i.d.a.FlushWorkers(printWorkerInfo):127 [ASYNC WORKER INFO] Pool queue size: 0, Active threads: 0
2025-01-18 16:16:27 [43mdestination[0m > INFO main i.a.c.i.d.j.t.JdbcDestinationHandler(execute):172 Executing sql b92233d1-5b5b-4b1e-bb09-dd9d0514dabe-e9e160fb-4a09-43c2-a453-830f0ccf16a0: [create schema if not exists "airbyte_internal";]
[create schema if not exists "source";]
2025-01-18 16:16:27 [43mdestination[0m > INFO main i.a.c.d.j.JdbcDatabase(executeWithinTransaction$lambda$1):65 executing query within transaction: create schema if not exists "airbyte_internal";
2025-01-18 16:16:27 [43mdestination[0m > INFO main i.a.c.d.j.JdbcDatabase(executeWithinTransaction$lambda$1):69 done executing query within transaction: create schema if not exists "airbyte_internal";
2025-01-18 16:16:27 [43mdestination[0m > INFO main i.a.c.i.d.j.t.JdbcDestinationHandler(execute):184 Sql b92233d1-5b5b-4b1e-bb09-dd9d0514dabe-e9e160fb-4a09-43c2-a453-830f0ccf16a0 completed in 371 ms
2025-01-18 16:16:27 [43mdestination[0m > INFO main i.a.c.i.d.j.t.JdbcDestinationHandler(execute):172 Executing sql b92233d1-5b5b-4b1e-bb09-dd9d0514dabe-bb0bb818-070f-4a2c-b6c0-4c8c63674127: [create schema if not exists "airbyte_internal";]
[create schema if not exists "source";]
2025-01-18 16:16:27 [43mdestination[0m > INFO main i.a.c.d.j.JdbcDatabase(executeWithinTransaction$lambda$1):65 executing query within transaction: create schema if not exists "source";
2025-01-18 16:16:27 [43mdestination[0m > INFO main i.a.c.d.j.JdbcDatabase(executeWithinTransaction$lambda$1):69 done executing query within transaction: create schema if not exists "source";
2025-01-18 16:16:27 [43mdestination[0m > INFO main i.a.c.i.d.j.t.JdbcDestinationHandler(execute):184 Sql b92233d1-5b5b-4b1e-bb09-dd9d0514dabe-bb0bb818-070f-4a2c-b6c0-4c8c63674127 completed in 3 ms
2025-01-18 16:16:27 [43mdestination[0m > INFO type-and-dedupe i.a.i.b.d.t.BaseDestinationV1V2Migrator(migrateIfNecessary):19 Assessing whether migration is necessary for stream scores
2025-01-18 16:16:27 [43mdestination[0m > INFO type-and-dedupe i.a.i.b.d.t.BaseDestinationV1V2Migrator(shouldMigrate):43 Checking whether v1 raw table _airbyte_raw_scores in dataset source exists
2025-01-18 16:16:27 [43mdestination[0m > INFO type-and-dedupe i.a.c.i.d.j.t.JdbcDestinationHandler$Companion(findExistingTable$lambda$1):540 Retrieving existing columns for mlops.airbyte_internal.source_raw__stream_scores
2025-01-18 16:16:27 [43mdestination[0m > INFO type-and-dedupe i.a.c.i.d.j.t.JdbcDestinationHandler$Companion(findExistingTable$lambda$1):540 Retrieving existing columns for mlops.source._airbyte_raw_scores
2025-01-18 16:16:27 [43mdestination[0m > INFO type-and-dedupe i.a.i.b.d.t.BaseDestinationV1V2Migrator(shouldMigrate):50 Migration Info: Required for Sync mode: false, No existing v2 raw tables: false, A v1 raw table exists: false
2025-01-18 16:16:27 [43mdestination[0m > INFO type-and-dedupe i.a.i.b.d.t.BaseDestinationV1V2Migrator(migrateIfNecessary):30 No Migration Required for stream: scores
2025-01-18 16:16:27 [43mdestination[0m > INFO ForkJoinPool.commonPool-worker-1 i.a.c.d.j.JdbcDatabase(execute$lambda$0):50 executing statement: create table if not exists "airbyte_internal"."_airbyte_destination_state" ("name" varchar, "namespace" varchar, "destination_state" varchar, "updated_at" timestamp with time zone)
2025-01-18 16:16:27 [43mdestination[0m > INFO ForkJoinPool.commonPool-worker-1 i.a.c.d.j.JdbcDatabase(execute$lambda$0):54 statement successfully executed
2025-01-18 16:16:28 [43mdestination[0m > INFO ForkJoinPool.commonPool-worker-1 i.a.c.d.j.DefaultJdbcDatabase(unsafeQuery$lambda$6):127 closing connection
2025-01-18 16:16:28 [43mdestination[0m > INFO ForkJoinPool.commonPool-worker-1 i.a.c.i.d.j.t.JdbcDestinationHandler$Companion(findExistingTable$lambda$1):540 Retrieving existing columns for mlops.source.scores
2025-01-18 16:16:28 [43mdestination[0m > INFO ForkJoinPool.commonPool-worker-1 i.a.c.d.j.DefaultJdbcDatabase(unsafeQuery$lambda$6):127 closing connection
2025-01-18 16:16:28 [43mdestination[0m > INFO ForkJoinPool.commonPool-worker-1 i.a.c.i.d.j.t.JdbcDestinationHandler(getInitialRawTableState$lambda$1):95 Retrieving table from Db metadata: mlops airbyte_internal source_raw__stream_scores
2025-01-18 16:16:28 [43mdestination[0m > INFO ForkJoinPool.commonPool-worker-1 i.a.c.d.j.DefaultJdbcDatabase(unsafeQuery$lambda$6):127 closing connection
2025-01-18 16:16:28 [43mdestination[0m > INFO ForkJoinPool.commonPool-worker-1 i.a.c.d.j.DefaultJdbcDatabase(unsafeQuery$lambda$6):127 closing connection
2025-01-18 16:16:28 [43mdestination[0m > INFO ForkJoinPool.commonPool-worker-1 i.a.c.i.d.j.t.JdbcDestinationHandler(getInitialRawTableState$lambda$1):95 Retrieving table from Db metadata: mlops airbyte_internal source_raw__stream_scores
2025-01-18 16:16:28 [43mdestination[0m > INFO ForkJoinPool.commonPool-worker-1 i.a.c.d.j.DefaultJdbcDatabase(unsafeQuery$lambda$6):127 closing connection
2025-01-18 16:16:28 [43mdestination[0m > INFO ForkJoinPool.commonPool-worker-1 i.a.c.d.j.DefaultJdbcDatabase(unsafeQuery$lambda$6):127 closing connection
2025-01-18 16:16:28 [43mdestination[0m > INFO ForkJoinPool.commonPool-worker-1 i.a.i.d.p.PostgresGenerationHandler(getGenerationIdInTable):48 found generationId in table airbyte_internal.source_raw__stream_scores: 60
2025-01-18 16:16:28 [43mdestination[0m > INFO ForkJoinPool.commonPool-worker-1 i.a.c.d.j.DefaultJdbcDatabase(unsafeQuery$lambda$6):127 closing connection
2025-01-18 16:16:28 [43mdestination[0m > INFO type-and-dedupe i.a.i.b.d.t.TyperDeduperUtil(runMigrationsAsync$lambda$12):165 Maybe executing PostgresRawTableAirbyteMetaMigration migration for stream source.scores.
2025-01-18 16:16:28 [43mdestination[0m > INFO type-and-dedupe i.a.c.i.d.j.t.JdbcDestinationHandler$Companion(findExistingTable$lambda$1):540 Retrieving existing columns for mlops.airbyte_internal.source_raw__stream_scores
2025-01-18 16:16:28 [43mdestination[0m > INFO type-and-dedupe i.a.i.b.d.t.TyperDeduperUtil(runMigrationsAsync$lambda$12):165 Maybe executing PostgresGenerationIdMigration migration for stream source.scores.
2025-01-18 16:16:28 [43mdestination[0m > INFO type-and-dedupe i.a.c.i.d.j.t.JdbcDestinationHandler$Companion(findExistingTable$lambda$1):540 Retrieving existing columns for mlops.airbyte_internal.source_raw__stream_scores
2025-01-18 16:16:28 [43mdestination[0m > INFO type-and-dedupe i.g.o.k.KLogger$DefaultImpls(info):534 Skipping migration for airbyte_internal.source_raw__stream_scores's raw table because the generation_id column is already present
2025-01-18 16:16:28 [43mdestination[0m > INFO type-and-dedupe i.a.c.i.d.j.t.JdbcDestinationHandler$Companion(findExistingTable$lambda$1):540 Retrieving existing columns for mlops.source.scores
2025-01-18 16:16:28 [43mdestination[0m > INFO type-and-dedupe i.g.o.k.KLogger$DefaultImpls(info):534 Skipping migration for source.scores because the generation_id column is already present
2025-01-18 16:16:28 [43mdestination[0m > INFO main i.a.c.d.j.JdbcDatabase(executeWithinTransaction$lambda$1):65 executing query within transaction: delete from "airbyte_internal"."_airbyte_destination_state" where ("name" = 'scores' and "namespace" = 'source')
2025-01-18 16:16:28 [43mdestination[0m > INFO main i.a.c.d.j.JdbcDatabase(executeWithinTransaction$lambda$1):69 done executing query within transaction: delete from "airbyte_internal"."_airbyte_destination_state" where ("name" = 'scores' and "namespace" = 'source')
2025-01-18 16:16:28 [43mdestination[0m > INFO main i.a.c.d.j.JdbcDatabase(executeWithinTransaction$lambda$1):65 executing query within transaction: insert into "airbyte_internal"."_airbyte_destination_state" ("name", "namespace", "destination_state", "updated_at") values ('scores', 'source', '{"needsSoftReset":false,"airbyteMetaPresentInRaw":true,"airbyteGenerationIdPresent":true}', '2025-01-18T16:16:28.508522340Z')
2025-01-18 16:16:28 [43mdestination[0m > INFO main i.a.c.d.j.JdbcDatabase(executeWithinTransaction$lambda$1):69 done executing query within transaction: insert into "airbyte_internal"."_airbyte_destination_state" ("name", "namespace", "destination_state", "updated_at") values ('scores', 'source', '{"needsSoftReset":false,"airbyteMetaPresentInRaw":true,"airbyteGenerationIdPresent":true}', '2025-01-18T16:16:28.508522340Z')
2025-01-18 16:16:28 [43mdestination[0m > INFO main i.a.c.d.j.DefaultJdbcDatabase(unsafeQuery$lambda$6):127 closing connection
2025-01-18 16:16:28 [43mdestination[0m > INFO main i.a.c.d.j.DefaultJdbcDatabase(unsafeQuery$lambda$6):127 closing connection
2025-01-18 16:16:28 [43mdestination[0m > INFO main i.a.i.d.p.PostgresGenerationHandler(getGenerationIdInTable):48 found generationId in table airbyte_internal.source_raw__stream_scores: 60
2025-01-18 16:16:28 [43mdestination[0m > INFO main i.a.c.i.d.j.JdbcBufferedConsumerFactory(onStartFunction$lambda$2):184 Preparing raw tables in destination started for 1 streams
2025-01-18 16:16:28 [43mdestination[0m > INFO main i.a.c.i.d.j.JdbcBufferedConsumerFactory(onStartFunction$lambda$2):191 Preparing raw table in destination started for stream scores. schema: airbyte_internal, table name: source_raw__stream_scores
2025-01-18 16:16:28 [43mdestination[0m > INFO main i.a.c.d.j.JdbcDatabase(execute$lambda$0):50 executing statement: CREATE SCHEMA IF NOT EXISTS airbyte_internal;
2025-01-18 16:16:28 [43mdestination[0m > INFO main i.a.c.d.j.JdbcDatabase(execute$lambda$0):54 statement successfully executed
2025-01-18 16:16:28 [43mdestination[0m > INFO main i.a.c.d.j.JdbcDatabase(execute$lambda$0):50 executing statement: CREATE TABLE IF NOT EXISTS airbyte_internal.source_raw__stream_scores (
  _airbyte_raw_id VARCHAR PRIMARY KEY,
  _airbyte_data JSONB,
  _airbyte_extracted_at TIMESTAMP WITH TIME ZONE DEFAULT CURRENT_TIMESTAMP,
  _airbyte_loaded_at TIMESTAMP WITH TIME ZONE DEFAULT NULL,
  _airbyte_meta JSONB,
  _airbyte_generation_id BIGINT
);

2025-01-18 16:16:28 [43mdestination[0m > INFO main i.a.c.d.j.JdbcDatabase(execute$lambda$0):54 statement successfully executed
2025-01-18 16:16:28 [43mdestination[0m > INFO main i.a.c.d.j.JdbcDatabase(execute$lambda$0):50 executing statement: CREATE INDEX IF NOT EXISTS source_raw__stream_scores_raw_id ON airbyte_internal.source_raw__stream_scores(_airbyte_raw_id)
2025-01-18 16:16:28 [43mdestination[0m > INFO main i.a.c.d.j.JdbcDatabase(execute$lambda$0):54 statement successfully executed
2025-01-18 16:16:28 [43mdestination[0m > INFO main i.a.c.d.j.JdbcDatabase(execute$lambda$0):50 executing statement: CREATE INDEX IF NOT EXISTS source_raw__stream_scores_extracted_at ON airbyte_internal.source_raw__stream_scores(_airbyte_extracted_at)
2025-01-18 16:16:28 [44msource[0m > Syncing stream: scores (https://raw.githubusercontent.com/mlops-itba/Datos-RS/main/data/scores_0.csv)...
2025-01-18 16:16:28 [44msource[0m > TransportParams: None
2025-01-18 16:16:28 [43mdestination[0m > INFO main i.a.c.d.j.JdbcDatabase(execute$lambda$0):54 statement successfully executed
2025-01-18 16:16:28 [43mdestination[0m > INFO main i.a.c.d.j.JdbcDatabase(execute$lambda$0):50 executing statement: CREATE INDEX IF NOT EXISTS source_raw__stream_scores_loaded_at ON airbyte_internal.source_raw__stream_scores(_airbyte_loaded_at, _airbyte_extracted_at)
2025-01-18 16:16:28 [46mreplication-orchestrator[0m > Stream status TRACE received of status: STARTED for stream scores
2025-01-18 16:16:28 [46mreplication-orchestrator[0m > Sending update for scores - null -> RUNNING
2025-01-18 16:16:28 [46mreplication-orchestrator[0m > Stream Status Update Received: scores - RUNNING
2025-01-18 16:16:28 [46mreplication-orchestrator[0m > Creating status: scores - RUNNING
2025-01-18 16:16:29 [43mdestination[0m > INFO main i.a.c.d.j.JdbcDatabase(execute$lambda$0):54 statement successfully executed
2025-01-18 16:16:29 [43mdestination[0m > INFO main i.a.c.d.j.JdbcDatabase(execute$lambda$0):50 executing statement: CREATE TABLE IF NOT EXISTS airbyte_internal.source_raw__stream_scores_airbyte_tmp (
  _airbyte_raw_id VARCHAR PRIMARY KEY,
  _airbyte_data JSONB,
  _airbyte_extracted_at TIMESTAMP WITH TIME ZONE DEFAULT CURRENT_TIMESTAMP,
  _airbyte_loaded_at TIMESTAMP WITH TIME ZONE DEFAULT NULL,
  _airbyte_meta JSONB,
  _airbyte_generation_id BIGINT
);

2025-01-18 16:16:29 [43mdestination[0m > INFO main i.a.c.d.j.JdbcDatabase(execute$lambda$0):54 statement successfully executed
2025-01-18 16:16:29 [43mdestination[0m > INFO main i.a.c.d.j.JdbcDatabase(execute$lambda$0):50 executing statement: CREATE INDEX IF NOT EXISTS source_raw__stream_scores_airbyte_tmp_raw_id ON airbyte_internal.source_raw__stream_scores_airbyte_tmp(_airbyte_raw_id)
2025-01-18 16:16:29 [43mdestination[0m > INFO main i.a.c.d.j.JdbcDatabase(execute$lambda$0):54 statement successfully executed
2025-01-18 16:16:29 [43mdestination[0m > INFO main i.a.c.d.j.JdbcDatabase(execute$lambda$0):50 executing statement: CREATE INDEX IF NOT EXISTS source_raw__stream_scores_airbyte_tmp_extracted_at ON airbyte_internal.source_raw__stream_scores_airbyte_tmp(_airbyte_extracted_at)
2025-01-18 16:16:29 [43mdestination[0m > INFO main i.a.c.d.j.JdbcDatabase(execute$lambda$0):54 statement successfully executed
2025-01-18 16:16:29 [43mdestination[0m > INFO main i.a.c.d.j.JdbcDatabase(execute$lambda$0):50 executing statement: CREATE INDEX IF NOT EXISTS source_raw__stream_scores_airbyte_tmp_loaded_at ON airbyte_internal.source_raw__stream_scores_airbyte_tmp(_airbyte_loaded_at, _airbyte_extracted_at)
2025-01-18 16:16:29 [43mdestination[0m > INFO main i.a.c.d.j.JdbcDatabase(execute$lambda$0):54 statement successfully executed
2025-01-18 16:16:29 [43mdestination[0m > INFO main i.a.c.d.j.DefaultJdbcDatabase(unsafeQuery$lambda$6):127 closing connection
2025-01-18 16:16:29 [43mdestination[0m > INFO main i.a.c.d.j.DefaultJdbcDatabase(unsafeQuery$lambda$6):127 closing connection
2025-01-18 16:16:29 [43mdestination[0m > INFO main i.a.c.d.j.JdbcDatabase(execute$lambda$0):50 executing statement: BEGIN;
TRUNCATE TABLE airbyte_internal.source_raw__stream_scores_airbyte_tmp;
COMMIT;
2025-01-18 16:16:29 [44msource[0m > Marking stream scores as RUNNING
2025-01-18 16:16:29 [46mreplication-orchestrator[0m > Stream status TRACE received of status: RUNNING for stream scores
2025-01-18 16:16:29 [43mdestination[0m > INFO main i.a.c.d.j.JdbcDatabase(execute$lambda$0):54 statement successfully executed
2025-01-18 16:16:29 [43mdestination[0m > INFO main i.a.c.i.d.j.JdbcBufferedConsumerFactory(onStartFunction$lambda$2):227 Preparing raw tables in destination completed.
2025-01-18 16:16:29 [43mdestination[0m > INFO main i.a.i.b.d.t.DefaultTyperDeduper(prepareFinalTables):124 Preparing tables
2025-01-18 16:16:29 [43mdestination[0m > INFO type-and-dedupe i.a.i.b.d.t.DefaultTyperDeduper(prepareTablesFuture$lambda$4):157 Final Table exists for stream scores
2025-01-18 16:16:29 [43mdestination[0m > INFO type-and-dedupe i.a.i.b.d.t.DefaultTyperDeduper(prepareTablesFuture$lambda$4):166 Using temp final table
2025-01-18 16:16:29 [43mdestination[0m > INFO type-and-dedupe i.a.i.b.d.t.DefaultTyperDeduper(prepareTablesFuture$lambda$4):174 Recreating temp final table
2025-01-18 16:16:29 [43mdestination[0m > INFO type-and-dedupe i.a.c.i.d.j.t.JdbcDestinationHandler(execute):172 Executing sql 2ec4fb91-d06d-441a-89e9-cd3a11398061-4733c8e2-4b7e-48a5-93bc-10008dd6b774: [drop table if exists "source"."scores_airbyte_tmp";, create table "source"."scores_airbyte_tmp" ("Date" varchar, "index" decimal(38, 9), "rating" decimal(38, 9), "user_id" decimal(38, 9), "movie_id" decimal(38, 9), "Unnamed__0" decimal(38, 9), "_airbyte_raw_id" varchar(36) not null, "_airbyte_extracted_at" timestamp with time zone not null, "_airbyte_generation_id" bigint, "_airbyte_meta" jsonb not null);]
[create index on "source"."scores_airbyte_tmp"("index", "_airbyte_extracted_at");]
[create index on "source"."scores_airbyte_tmp"("_airbyte_extracted_at");]
[create index on "source"."scores_airbyte_tmp"("_airbyte_raw_id");]
2025-01-18 16:16:29 [43mdestination[0m > INFO type-and-dedupe i.a.c.d.j.JdbcDatabase(executeWithinTransaction$lambda$1):65 executing query within transaction: drop table if exists "source"."scores_airbyte_tmp";
2025-01-18 16:16:29 [43mdestination[0m > INFO type-and-dedupe i.a.c.d.j.JdbcDatabase(executeWithinTransaction$lambda$1):69 done executing query within transaction: drop table if exists "source"."scores_airbyte_tmp";
2025-01-18 16:16:29 [43mdestination[0m > INFO type-and-dedupe i.a.c.d.j.JdbcDatabase(executeWithinTransaction$lambda$1):65 executing query within transaction: create table "source"."scores_airbyte_tmp" ("Date" varchar, "index" decimal(38, 9), "rating" decimal(38, 9), "user_id" decimal(38, 9), "movie_id" decimal(38, 9), "Unnamed__0" decimal(38, 9), "_airbyte_raw_id" varchar(36) not null, "_airbyte_extracted_at" timestamp with time zone not null, "_airbyte_generation_id" bigint, "_airbyte_meta" jsonb not null);
2025-01-18 16:16:29 [43mdestination[0m > INFO type-and-dedupe i.a.c.d.j.JdbcDatabase(executeWithinTransaction$lambda$1):69 done executing query within transaction: create table "source"."scores_airbyte_tmp" ("Date" varchar, "index" decimal(38, 9), "rating" decimal(38, 9), "user_id" decimal(38, 9), "movie_id" decimal(38, 9), "Unnamed__0" decimal(38, 9), "_airbyte_raw_id" varchar(36) not null, "_airbyte_extracted_at" timestamp with time zone not null, "_airbyte_generation_id" bigint, "_airbyte_meta" jsonb not null);
2025-01-18 16:16:29 [43mdestination[0m > INFO type-and-dedupe i.a.c.i.d.j.t.JdbcDestinationHandler(execute):184 Sql 2ec4fb91-d06d-441a-89e9-cd3a11398061-4733c8e2-4b7e-48a5-93bc-10008dd6b774 completed in 52 ms
2025-01-18 16:16:29 [43mdestination[0m > INFO type-and-dedupe i.a.c.i.d.j.t.JdbcDestinationHandler(execute):172 Executing sql 2ec4fb91-d06d-441a-89e9-cd3a11398061-d7ad982e-e8c5-46ee-aebd-05ffda2b0244: [drop table if exists "source"."scores_airbyte_tmp";, create table "source"."scores_airbyte_tmp" ("Date" varchar, "index" decimal(38, 9), "rating" decimal(38, 9), "user_id" decimal(38, 9), "movie_id" decimal(38, 9), "Unnamed__0" decimal(38, 9), "_airbyte_raw_id" varchar(36) not null, "_airbyte_extracted_at" timestamp with time zone not null, "_airbyte_generation_id" bigint, "_airbyte_meta" jsonb not null);]
[create index on "source"."scores_airbyte_tmp"("index", "_airbyte_extracted_at");]
[create index on "source"."scores_airbyte_tmp"("_airbyte_extracted_at");]
[create index on "source"."scores_airbyte_tmp"("_airbyte_raw_id");]
2025-01-18 16:16:29 [43mdestination[0m > INFO type-and-dedupe i.a.c.d.j.JdbcDatabase(executeWithinTransaction$lambda$1):65 executing query within transaction: create index on "source"."scores_airbyte_tmp"("index", "_airbyte_extracted_at");
2025-01-18 16:16:29 [43mdestination[0m > INFO type-and-dedupe i.a.c.d.j.JdbcDatabase(executeWithinTransaction$lambda$1):69 done executing query within transaction: create index on "source"."scores_airbyte_tmp"("index", "_airbyte_extracted_at");
2025-01-18 16:16:29 [43mdestination[0m > INFO type-and-dedupe i.a.c.i.d.j.t.JdbcDestinationHandler(execute):184 Sql 2ec4fb91-d06d-441a-89e9-cd3a11398061-d7ad982e-e8c5-46ee-aebd-05ffda2b0244 completed in 25 ms
2025-01-18 16:16:29 [43mdestination[0m > INFO type-and-dedupe i.a.c.i.d.j.t.JdbcDestinationHandler(execute):172 Executing sql 2ec4fb91-d06d-441a-89e9-cd3a11398061-a33c4fc7-465f-4eb5-bb42-a0390dbcb193: [drop table if exists "source"."scores_airbyte_tmp";, create table "source"."scores_airbyte_tmp" ("Date" varchar, "index" decimal(38, 9), "rating" decimal(38, 9), "user_id" decimal(38, 9), "movie_id" decimal(38, 9), "Unnamed__0" decimal(38, 9), "_airbyte_raw_id" varchar(36) not null, "_airbyte_extracted_at" timestamp with time zone not null, "_airbyte_generation_id" bigint, "_airbyte_meta" jsonb not null);]
[create index on "source"."scores_airbyte_tmp"("index", "_airbyte_extracted_at");]
[create index on "source"."scores_airbyte_tmp"("_airbyte_extracted_at");]
[create index on "source"."scores_airbyte_tmp"("_airbyte_raw_id");]
2025-01-18 16:16:29 [43mdestination[0m > INFO type-and-dedupe i.a.c.d.j.JdbcDatabase(executeWithinTransaction$lambda$1):65 executing query within transaction: create index on "source"."scores_airbyte_tmp"("_airbyte_extracted_at");
2025-01-18 16:16:29 [43mdestination[0m > INFO type-and-dedupe i.a.c.d.j.JdbcDatabase(executeWithinTransaction$lambda$1):69 done executing query within transaction: create index on "source"."scores_airbyte_tmp"("_airbyte_extracted_at");
2025-01-18 16:16:29 [43mdestination[0m > INFO type-and-dedupe i.a.c.i.d.j.t.JdbcDestinationHandler(execute):184 Sql 2ec4fb91-d06d-441a-89e9-cd3a11398061-a33c4fc7-465f-4eb5-bb42-a0390dbcb193 completed in 7 ms
2025-01-18 16:16:29 [43mdestination[0m > INFO type-and-dedupe i.a.c.i.d.j.t.JdbcDestinationHandler(execute):172 Executing sql 2ec4fb91-d06d-441a-89e9-cd3a11398061-3357010c-19a2-4f36-955f-1c08b831a27e: [drop table if exists "source"."scores_airbyte_tmp";, create table "source"."scores_airbyte_tmp" ("Date" varchar, "index" decimal(38, 9), "rating" decimal(38, 9), "user_id" decimal(38, 9), "movie_id" decimal(38, 9), "Unnamed__0" decimal(38, 9), "_airbyte_raw_id" varchar(36) not null, "_airbyte_extracted_at" timestamp with time zone not null, "_airbyte_generation_id" bigint, "_airbyte_meta" jsonb not null);]
[create index on "source"."scores_airbyte_tmp"("index", "_airbyte_extracted_at");]
[create index on "source"."scores_airbyte_tmp"("_airbyte_extracted_at");]
[create index on "source"."scores_airbyte_tmp"("_airbyte_raw_id");]
2025-01-18 16:16:29 [43mdestination[0m > INFO type-and-dedupe i.a.c.d.j.JdbcDatabase(executeWithinTransaction$lambda$1):65 executing query within transaction: create index on "source"."scores_airbyte_tmp"("_airbyte_raw_id");
2025-01-18 16:16:29 [43mdestination[0m > INFO type-and-dedupe i.a.c.d.j.JdbcDatabase(executeWithinTransaction$lambda$1):69 done executing query within transaction: create index on "source"."scores_airbyte_tmp"("_airbyte_raw_id");
2025-01-18 16:16:29 [43mdestination[0m > INFO type-and-dedupe i.a.c.i.d.j.t.JdbcDestinationHandler(execute):184 Sql 2ec4fb91-d06d-441a-89e9-cd3a11398061-3357010c-19a2-4f36-955f-1c08b831a27e completed in 12 ms
2025-01-18 16:16:29 [43mdestination[0m > INFO type-and-dedupe i.a.i.b.d.t.DefaultTyperDeduper(prepareTablesFuture$lambda$4):184 Using temp final table for stream scores, will overwrite existing table at end of sync
2025-01-18 16:16:29 [43mdestination[0m > INFO main i.a.c.d.j.JdbcDatabase(executeWithinTransaction$lambda$1):65 executing query within transaction: delete from "airbyte_internal"."_airbyte_destination_state" where ("name" = 'scores' and "namespace" = 'source')
2025-01-18 16:16:29 [43mdestination[0m > INFO main i.a.c.d.j.JdbcDatabase(executeWithinTransaction$lambda$1):69 done executing query within transaction: delete from "airbyte_internal"."_airbyte_destination_state" where ("name" = 'scores' and "namespace" = 'source')
2025-01-18 16:16:29 [43mdestination[0m > INFO main i.a.c.d.j.JdbcDatabase(executeWithinTransaction$lambda$1):65 executing query within transaction: insert into "airbyte_internal"."_airbyte_destination_state" ("name", "namespace", "destination_state", "updated_at") values ('scores', 'source', '{"needsSoftReset":false,"airbyteMetaPresentInRaw":true,"airbyteGenerationIdPresent":true}', '2025-01-18T16:16:29.593414924Z')
2025-01-18 16:16:29 [43mdestination[0m > INFO main i.a.c.d.j.JdbcDatabase(executeWithinTransaction$lambda$1):69 done executing query within transaction: insert into "airbyte_internal"."_airbyte_destination_state" ("name", "namespace", "destination_state", "updated_at") values ('scores', 'source', '{"needsSoftReset":false,"airbyteMetaPresentInRaw":true,"airbyteGenerationIdPresent":true}', '2025-01-18T16:16:29.593414924Z')
2025-01-18 16:16:31 [46mreplication-orchestrator[0m > Records read: 5000 (497 KB)
2025-01-18 16:16:31 [46mreplication-orchestrator[0m > Records read: 10000 (995 KB)
2025-01-18 16:16:32 [46mreplication-orchestrator[0m > Records read: 15000 (1 MB)
2025-01-18 16:16:32 [46mreplication-orchestrator[0m > Records read: 20000 (1 MB)
2025-01-18 16:16:32 [44msource[0m > Marking stream scores as STOPPED
2025-01-18 16:16:32 [46mreplication-orchestrator[0m > Records read: 25000 (2 MB)
2025-01-18 16:16:32 [46mreplication-orchestrator[0m > Stream status TRACE received of status: COMPLETE for stream scores
2025-01-18 16:16:33 [46mreplication-orchestrator[0m > Total records read: 25003 (2 MB)
2025-01-18 16:16:33 [46mreplication-orchestrator[0m > Schema validation was performed to a max of 10 records with errors per stream.
2025-01-18 16:16:33 [46mreplication-orchestrator[0m > readFromSource: done. (source.isFinished:true, fromSource.isClosed:false)
2025-01-18 16:16:33 [46mreplication-orchestrator[0m > thread status... heartbeat thread: false , replication thread: true
2025-01-18 16:16:37 [46mreplication-orchestrator[0m > processMessage: done. (fromSource.isDone:true, forDest.isClosed:false)
2025-01-18 16:16:43 [46mreplication-orchestrator[0m > writeToDestination: done. (forDest.isDone:true, isDestRunning:true)
2025-01-18 16:16:43 [46mreplication-orchestrator[0m > thread status... timeout thread: false , replication thread: true
2025-01-18 16:16:43 [43mdestination[0m > INFO main i.a.c.i.b.IntegrationRunner$Companion(consumeWriteStream$io_airbyte_airbyte_cdk_java_airbyte_cdk_airbyte_cdk_core):428 Finished buffered read of input stream
2025-01-18 16:16:43 [43mdestination[0m > INFO main i.a.c.i.d.a.FlushWorkers(close):193 Closing flush workers -- waiting for all buffers to flush
2025-01-18 16:16:43 [43mdestination[0m > INFO main i.a.c.i.d.a.FlushWorkers(close):226 REMAINING_BUFFERS_INFO
  Namespace: null Stream: scores -- remaining records: 25000
2025-01-18 16:16:43 [43mdestination[0m > INFO main i.a.c.i.d.a.FlushWorkers(close):227 Waiting for all streams to flush.
2025-01-18 16:16:43 [43mdestination[0m > INFO pool-5-thread-1 i.a.c.i.d.a.DetectStreamToFlush(getNextStreamToFlush):109 flushing: trigger info: null - scores, time trigger: false , size trigger: true current threshold b: 0 bytes, queue size b: 6.27 MB, penalty b: 0 bytes, after penalty b: 6.27 MB
2025-01-18 16:16:43 [43mdestination[0m > INFO pool-4-thread-1 i.a.c.i.d.a.FlushWorkers(flush$lambda$6):135 Flush Worker (95c2d) -- Worker picked up work.
2025-01-18 16:16:43 [43mdestination[0m > INFO pool-4-thread-1 i.a.c.i.d.a.FlushWorkers(flush$lambda$6):141 Flush Worker (95c2d) -- Attempting to read from queue namespace: null, stream: scores.
2025-01-18 16:16:43 [43mdestination[0m > INFO pool-4-thread-1 i.a.c.i.d.a.GlobalMemoryManager(free):78 Freeing 3912628 bytes..
2025-01-18 16:16:43 [43mdestination[0m > INFO pool-4-thread-1 i.a.c.i.d.a.FlushWorkers(flush$lambda$6):159 Flush Worker (95c2d) -- Batch contains: 25000 records, 6.27 MB bytes.
2025-01-18 16:16:43 [43mdestination[0m > INFO pool-4-thread-1 i.a.i.d.p.PostgresSqlOperations(insertRecordsInternal):104 preparing records to insert. generationId=61, syncId=149
2025-01-18 16:16:43 [43mdestination[0m > INFO pool-4-thread-1 i.a.i.d.p.PostgresSqlOperations(insertRecordsInternal$lambda$0):122 executing COPY command: COPY airbyte_internal.source_raw__stream_scores_airbyte_tmp (_airbyte_raw_id, _airbyte_data, _airbyte_extracted_at, _airbyte_loaded_at, _airbyte_meta, _airbyte_generation_id) FROM stdin DELIMITER ',' CSV
2025-01-18 16:16:44 [43mdestination[0m > INFO main i.a.c.i.d.a.FlushWorkers(close):230 Closing flush workers -- all buffers flushed
2025-01-18 16:16:44 [43mdestination[0m > INFO main i.a.c.i.d.a.s.GlobalAsyncStateManager(flushStates):153 Flushing states
2025-01-18 16:16:44 [43mdestination[0m > INFO main i.a.c.i.d.a.s.GlobalAsyncStateManager(flushStates):207 Flushing states complete
2025-01-18 16:16:44 [43mdestination[0m > INFO main i.a.c.i.d.a.GlobalMemoryManager(free):78 Freeing 0 bytes..
2025-01-18 16:16:44 [43mdestination[0m > INFO main i.a.c.i.d.a.FlushWorkers(close):238 Closing flush workers -- supervisor shut down
2025-01-18 16:16:44 [43mdestination[0m > INFO main i.a.c.i.d.a.FlushWorkers(close):240 Closing flush workers -- Starting worker pool shutdown..
2025-01-18 16:16:44 [43mdestination[0m > INFO pool-4-thread-1 i.a.i.d.p.PostgresSqlOperations(insertRecordsInternal):137 COPY command completed sucessfully
2025-01-18 16:16:44 [43mdestination[0m > INFO pool-4-thread-1 i.a.c.i.d.a.s.GlobalAsyncStateManager(flushStates):153 Flushing states
2025-01-18 16:16:44 [43mdestination[0m > INFO pool-4-thread-1 i.a.c.i.d.a.s.GlobalAsyncStateManager(flushStates):207 Flushing states complete
2025-01-18 16:16:44 [43mdestination[0m > INFO pool-4-thread-1 i.a.c.i.d.a.GlobalMemoryManager(free):78 Freeing 0 bytes..
2025-01-18 16:16:44 [43mdestination[0m > INFO pool-4-thread-1 i.a.c.i.d.a.GlobalMemoryManager(free):78 Freeing 6573132 bytes..
2025-01-18 16:16:44 [43mdestination[0m > INFO pool-4-thread-1 i.a.c.i.d.a.FlushWorkers(flush$lambda$6):170 Flush Worker (95c2d) -- Worker finished flushing. Current queue size: 0
2025-01-18 16:16:44 [43mdestination[0m > INFO main i.a.c.i.d.a.FlushWorkers(close):245 Closing flush workers  -- workers shut down
2025-01-18 16:16:44 [43mdestination[0m > INFO main i.a.c.i.d.a.b.BufferManager(close):73 Buffers cleared..
2025-01-18 16:16:44 [43mdestination[0m > INFO main i.a.c.d.j.DefaultJdbcDatabase(unsafeQuery$lambda$6):127 closing connection
2025-01-18 16:16:44 [43mdestination[0m > INFO main i.a.c.d.j.DefaultJdbcDatabase(unsafeQuery$lambda$6):127 closing connection
2025-01-18 16:16:44 [43mdestination[0m > INFO main i.a.i.d.p.PostgresGenerationHandler(getGenerationIdInTable):48 found generationId in table airbyte_internal.source_raw__stream_scores: 60
2025-01-18 16:16:44 [43mdestination[0m > INFO main i.a.c.d.j.JdbcDatabase(executeWithinTransaction$lambda$1):65 executing query within transaction: DROP TABLE airbyte_internal.source_raw__stream_scores 
2025-01-18 16:16:44 [43mdestination[0m > INFO main i.a.c.d.j.JdbcDatabase(executeWithinTransaction$lambda$1):69 done executing query within transaction: DROP TABLE airbyte_internal.source_raw__stream_scores 
2025-01-18 16:16:44 [43mdestination[0m > INFO main i.a.c.d.j.JdbcDatabase(executeWithinTransaction$lambda$1):65 executing query within transaction: ALTER TABLE airbyte_internal.source_raw__stream_scores_airbyte_tmp RENAME TO source_raw__stream_scores
2025-01-18 16:16:44 [43mdestination[0m > INFO main i.a.c.d.j.JdbcDatabase(executeWithinTransaction$lambda$1):69 done executing query within transaction: ALTER TABLE airbyte_internal.source_raw__stream_scores_airbyte_tmp RENAME TO source_raw__stream_scores
2025-01-18 16:16:44 [43mdestination[0m > INFO main i.a.i.b.d.t.DefaultTyperDeduper(typeAndDedupe):309 Typing and deduping all tables
2025-01-18 16:16:44 [43mdestination[0m > INFO type-and-dedupe i.a.i.b.d.t.TyperDeduperUtil(executeTypeAndDedupe):212 Attempting typing and deduping for source.scores with suffix _airbyte_tmp
2025-01-18 16:16:44 [43mdestination[0m > INFO type-and-dedupe i.a.c.i.d.j.t.JdbcDestinationHandler(execute):172 Executing sql 95a7ffd2-7b86-4959-83d4-55b5d9dcfc38-8ea9642d-a42d-4056-b344-2ff83ce1a83e: [insert into "source"."scores_airbyte_tmp" ("Date", "index", "rating", "user_id", "movie_id", "Unnamed__0", "_airbyte_raw_id", "_airbyte_extracted_at", "_airbyte_generation_id", "_airbyte_meta") with "intermediate_data" as (select "_airbyte_data" -> 'Date' #>> '{}' as "Date", cast(case when ("_airbyte_data" -> 'index' is null or JSONB_TYPEOF("_airbyte_data" -> 'index') = 'null') then null else cast("_airbyte_data" -> 'index' as varchar) end as decimal(38, 9)) as "index", cast(case when ("_airbyte_data" -> 'rating' is null or JSONB_TYPEOF("_airbyte_data" -> 'rating') = 'null') then null else cast("_airbyte_data" -> 'rating' as varchar) end as decimal(38, 9)) as "rating", cast(case when ("_airbyte_data" -> 'user_id' is null or JSONB_TYPEOF("_airbyte_data" -> 'user_id') = 'null') then null else cast("_airbyte_data" -> 'user_id' as varchar) end as decimal(38, 9)) as "user_id", cast(case when ("_airbyte_data" -> 'movie_id' is null or JSONB_TYPEOF("_airbyte_data" -> 'movie_id') = 'null') then null else cast("_airbyte_data" -> 'movie_id' as varchar) end as decimal(38, 9)) as "movie_id", cast(case when ("_airbyte_data" -> 'Unnamed: 0' is null or JSONB_TYPEOF("_airbyte_data" -> 'Unnamed: 0') = 'null') then null else cast("_airbyte_data" -> 'Unnamed: 0' as varchar) end as decimal(38, 9)) as "Unnamed__0", "_airbyte_raw_id", "_airbyte_extracted_at", "_airbyte_generation_id", JSONB_BUILD_OBJECT('changes', ARRAY_CAT(ARRAY_REMOVE(cast(array[cast(null as jsonb), CASE WHEN ("_airbyte_data" -> 'index' is not null and JSONB_TYPEOF("_airbyte_data" -> 'index') <> 'null' and "pg_temp"."airbyte_safe_cast"(case when ("_airbyte_data" -> 'index' is null or JSONB_TYPEOF("_airbyte_data" -> 'index') = 'null') then null else cast("_airbyte_data" -> 'index' as varchar) end, cast(null as decimal(38, 9))) is null) THEN JSONB_BUILD_OBJECT('field', 'index', 'change', 'NULLED', 'reason', 'DESTINATION_TYPECAST_ERROR') ELSE cast(null as jsonb) END , CASE WHEN ("_airbyte_data" -> 'rating' is not null and JSONB_TYPEOF("_airbyte_data" -> 'rating') <> 'null' and "pg_temp"."airbyte_safe_cast"(case when ("_airbyte_data" -> 'rating' is null or JSONB_TYPEOF("_airbyte_data" -> 'rating') = 'null') then null else cast("_airbyte_data" -> 'rating' as varchar) end, cast(null as decimal(38, 9))) is null) THEN JSONB_BUILD_OBJECT('field', 'rating', 'change', 'NULLED', 'reason', 'DESTINATION_TYPECAST_ERROR') ELSE cast(null as jsonb) END , CASE WHEN ("_airbyte_data" -> 'user_id' is not null and JSONB_TYPEOF("_airbyte_data" -> 'user_id') <> 'null' and "pg_temp"."airbyte_safe_cast"(case when ("_airbyte_data" -> 'user_id' is null or JSONB_TYPEOF("_airbyte_data" -> 'user_id') = 'null') then null else cast("_airbyte_data" -> 'user_id' as varchar) end, cast(null as decimal(38, 9))) is null) THEN JSONB_BUILD_OBJECT('field', 'user_id', 'change', 'NULLED', 'reason', 'DESTINATION_TYPECAST_ERROR') ELSE cast(null as jsonb) END , CASE WHEN ("_airbyte_data" -> 'movie_id' is not null and JSONB_TYPEOF("_airbyte_data" -> 'movie_id') <> 'null' and "pg_temp"."airbyte_safe_cast"(case when ("_airbyte_data" -> 'movie_id' is null or JSONB_TYPEOF("_airbyte_data" -> 'movie_id') = 'null') then null else cast("_airbyte_data" -> 'movie_id' as varchar) end, cast(null as decimal(38, 9))) is null) THEN JSONB_BUILD_OBJECT('field', 'movie_id', 'change', 'NULLED', 'reason', 'DESTINATION_TYPECAST_ERROR') ELSE cast(null as jsonb) END , CASE WHEN ("_airbyte_data" -> 'Unnamed: 0' is not null and JSONB_TYPEOF("_airbyte_data" -> 'Unnamed: 0') <> 'null' and "pg_temp"."airbyte_safe_cast"(case when ("_airbyte_data" -> 'Unnamed: 0' is null or JSONB_TYPEOF("_airbyte_data" -> 'Unnamed: 0') = 'null') then null else cast("_airbyte_data" -> 'Unnamed: 0' as varchar) end, cast(null as decimal(38, 9))) is null) THEN JSONB_BUILD_OBJECT('field', 'Unnamed: 0', 'change', 'NULLED', 'reason', 'DESTINATION_TYPECAST_ERROR') ELSE cast(null as jsonb) END ] as jsonb[]), null), ARRAY(SELECT jsonb_array_elements_text("_airbyte_meta"#>'{changes}'))::jsonb[]), 'sync_id', "_airbyte_meta"#>'{sync_id}') as "_airbyte_meta" from "airbyte_internal"."source_raw__stream_scores" where ("_airbyte_loaded_at" is null and "_airbyte_extracted_at" > '2025-01-18T00:08:46Z')), "numbered_rows" as (select *, row_number() over (partition by "index" order by "_airbyte_extracted_at" desc) as "row_number" from "intermediate_data") select "Date", "index", "rating", "user_id", "movie_id", "Unnamed__0", "_airbyte_raw_id", "_airbyte_extracted_at", "_airbyte_generation_id", "_airbyte_meta" from "numbered_rows" where "row_number" = 1;, delete from "source"."scores_airbyte_tmp" where "_airbyte_raw_id" in (select "_airbyte_raw_id" from (select "_airbyte_raw_id", row_number() over (partition by "index" order by "_airbyte_extracted_at" desc) as "row_number" from "source"."scores_airbyte_tmp") as "airbyte_ids" where "row_number" <> 1);, update "airbyte_internal"."source_raw__stream_scores" set "_airbyte_loaded_at" = current_timestamp where ("_airbyte_loaded_at" is null and "_airbyte_extracted_at" > '2025-01-18T00:08:46Z');]
2025-01-18 16:16:44 [43mdestination[0m > INFO type-and-dedupe i.a.c.d.j.JdbcDatabase(executeWithinTransaction$lambda$1):65 executing query within transaction: insert into "source"."scores_airbyte_tmp" ("Date", "index", "rating", "user_id", "movie_id", "Unnamed__0", "_airbyte_raw_id", "_airbyte_extracted_at", "_airbyte_generation_id", "_airbyte_meta") with "intermediate_data" as (select "_airbyte_data" -> 'Date' #>> '{}' as "Date", cast(case when ("_airbyte_data" -> 'index' is null or JSONB_TYPEOF("_airbyte_data" -> 'index') = 'null') then null else cast("_airbyte_data" -> 'index' as varchar) end as decimal(38, 9)) as "index", cast(case when ("_airbyte_data" -> 'rating' is null or JSONB_TYPEOF("_airbyte_data" -> 'rating') = 'null') then null else cast("_airbyte_data" -> 'rating' as varchar) end as decimal(38, 9)) as "rating", cast(case when ("_airbyte_data" -> 'user_id' is null or JSONB_TYPEOF("_airbyte_data" -> 'user_id') = 'null') then null else cast("_airbyte_data" -> 'user_id' as varchar) end as decimal(38, 9)) as "user_id", cast(case when ("_airbyte_data" -> 'movie_id' is null or JSONB_TYPEOF("_airbyte_data" -> 'movie_id') = 'null') then null else cast("_airbyte_data" -> 'movie_id' as varchar) end as decimal(38, 9)) as "movie_id", cast(case when ("_airbyte_data" -> 'Unnamed: 0' is null or JSONB_TYPEOF("_airbyte_data" -> 'Unnamed: 0') = 'null') then null else cast("_airbyte_data" -> 'Unnamed: 0' as varchar) end as decimal(38, 9)) as "Unnamed__0", "_airbyte_raw_id", "_airbyte_extracted_at", "_airbyte_generation_id", JSONB_BUILD_OBJECT('changes', ARRAY_CAT(ARRAY_REMOVE(cast(array[cast(null as jsonb), CASE WHEN ("_airbyte_data" -> 'index' is not null and JSONB_TYPEOF("_airbyte_data" -> 'index') <> 'null' and "pg_temp"."airbyte_safe_cast"(case when ("_airbyte_data" -> 'index' is null or JSONB_TYPEOF("_airbyte_data" -> 'index') = 'null') then null else cast("_airbyte_data" -> 'index' as varchar) end, cast(null as decimal(38, 9))) is null) THEN JSONB_BUILD_OBJECT('field', 'index', 'change', 'NULLED', 'reason', 'DESTINATION_TYPECAST_ERROR') ELSE cast(null as jsonb) END , CASE WHEN ("_airbyte_data" -> 'rating' is not null and JSONB_TYPEOF("_airbyte_data" -> 'rating') <> 'null' and "pg_temp"."airbyte_safe_cast"(case when ("_airbyte_data" -> 'rating' is null or JSONB_TYPEOF("_airbyte_data" -> 'rating') = 'null') then null else cast("_airbyte_data" -> 'rating' as varchar) end, cast(null as decimal(38, 9))) is null) THEN JSONB_BUILD_OBJECT('field', 'rating', 'change', 'NULLED', 'reason', 'DESTINATION_TYPECAST_ERROR') ELSE cast(null as jsonb) END , CASE WHEN ("_airbyte_data" -> 'user_id' is not null and JSONB_TYPEOF("_airbyte_data" -> 'user_id') <> 'null' and "pg_temp"."airbyte_safe_cast"(case when ("_airbyte_data" -> 'user_id' is null or JSONB_TYPEOF("_airbyte_data" -> 'user_id') = 'null') then null else cast("_airbyte_data" -> 'user_id' as varchar) end, cast(null as decimal(38, 9))) is null) THEN JSONB_BUILD_OBJECT('field', 'user_id', 'change', 'NULLED', 'reason', 'DESTINATION_TYPECAST_ERROR') ELSE cast(null as jsonb) END , CASE WHEN ("_airbyte_data" -> 'movie_id' is not null and JSONB_TYPEOF("_airbyte_data" -> 'movie_id') <> 'null' and "pg_temp"."airbyte_safe_cast"(case when ("_airbyte_data" -> 'movie_id' is null or JSONB_TYPEOF("_airbyte_data" -> 'movie_id') = 'null') then null else cast("_airbyte_data" -> 'movie_id' as varchar) end, cast(null as decimal(38, 9))) is null) THEN JSONB_BUILD_OBJECT('field', 'movie_id', 'change', 'NULLED', 'reason', 'DESTINATION_TYPECAST_ERROR') ELSE cast(null as jsonb) END , CASE WHEN ("_airbyte_data" -> 'Unnamed: 0' is not null and JSONB_TYPEOF("_airbyte_data" -> 'Unnamed: 0') <> 'null' and "pg_temp"."airbyte_safe_cast"(case when ("_airbyte_data" -> 'Unnamed: 0' is null or JSONB_TYPEOF("_airbyte_data" -> 'Unnamed: 0') = 'null') then null else cast("_airbyte_data" -> 'Unnamed: 0' as varchar) end, cast(null as decimal(38, 9))) is null) THEN JSONB_BUILD_OBJECT('field', 'Unnamed: 0', 'change', 'NULLED', 'reason', 'DESTINATION_TYPECAST_ERROR') ELSE cast(null as jsonb) END ] as jsonb[]), null), ARRAY(SELECT jsonb_array_elements_text("_airbyte_meta"#>'{changes}'))::jsonb[]), 'sync_id', "_airbyte_meta"#>'{sync_id}') as "_airbyte_meta" from "airbyte_internal"."source_raw__stream_scores" where ("_airbyte_loaded_at" is null and "_airbyte_extracted_at" > '2025-01-18T00:08:46Z')), "numbered_rows" as (select *, row_number() over (partition by "index" order by "_airbyte_extracted_at" desc) as "row_number" from "intermediate_data") select "Date", "index", "rating", "user_id", "movie_id", "Unnamed__0", "_airbyte_raw_id", "_airbyte_extracted_at", "_airbyte_generation_id", "_airbyte_meta" from "numbered_rows" where "row_number" = 1;
2025-01-18 16:16:47 [43mdestination[0m > INFO type-and-dedupe i.a.c.d.j.JdbcDatabase(executeWithinTransaction$lambda$1):69 done executing query within transaction: insert into "source"."scores_airbyte_tmp" ("Date", "index", "rating", "user_id", "movie_id", "Unnamed__0", "_airbyte_raw_id", "_airbyte_extracted_at", "_airbyte_generation_id", "_airbyte_meta") with "intermediate_data" as (select "_airbyte_data" -> 'Date' #>> '{}' as "Date", cast(case when ("_airbyte_data" -> 'index' is null or JSONB_TYPEOF("_airbyte_data" -> 'index') = 'null') then null else cast("_airbyte_data" -> 'index' as varchar) end as decimal(38, 9)) as "index", cast(case when ("_airbyte_data" -> 'rating' is null or JSONB_TYPEOF("_airbyte_data" -> 'rating') = 'null') then null else cast("_airbyte_data" -> 'rating' as varchar) end as decimal(38, 9)) as "rating", cast(case when ("_airbyte_data" -> 'user_id' is null or JSONB_TYPEOF("_airbyte_data" -> 'user_id') = 'null') then null else cast("_airbyte_data" -> 'user_id' as varchar) end as decimal(38, 9)) as "user_id", cast(case when ("_airbyte_data" -> 'movie_id' is null or JSONB_TYPEOF("_airbyte_data" -> 'movie_id') = 'null') then null else cast("_airbyte_data" -> 'movie_id' as varchar) end as decimal(38, 9)) as "movie_id", cast(case when ("_airbyte_data" -> 'Unnamed: 0' is null or JSONB_TYPEOF("_airbyte_data" -> 'Unnamed: 0') = 'null') then null else cast("_airbyte_data" -> 'Unnamed: 0' as varchar) end as decimal(38, 9)) as "Unnamed__0", "_airbyte_raw_id", "_airbyte_extracted_at", "_airbyte_generation_id", JSONB_BUILD_OBJECT('changes', ARRAY_CAT(ARRAY_REMOVE(cast(array[cast(null as jsonb), CASE WHEN ("_airbyte_data" -> 'index' is not null and JSONB_TYPEOF("_airbyte_data" -> 'index') <> 'null' and "pg_temp"."airbyte_safe_cast"(case when ("_airbyte_data" -> 'index' is null or JSONB_TYPEOF("_airbyte_data" -> 'index') = 'null') then null else cast("_airbyte_data" -> 'index' as varchar) end, cast(null as decimal(38, 9))) is null) THEN JSONB_BUILD_OBJECT('field', 'index', 'change', 'NULLED', 'reason', 'DESTINATION_TYPECAST_ERROR') ELSE cast(null as jsonb) END , CASE WHEN ("_airbyte_data" -> 'rating' is not null and JSONB_TYPEOF("_airbyte_data" -> 'rating') <> 'null' and "pg_temp"."airbyte_safe_cast"(case when ("_airbyte_data" -> 'rating' is null or JSONB_TYPEOF("_airbyte_data" -> 'rating') = 'null') then null else cast("_airbyte_data" -> 'rating' as varchar) end, cast(null as decimal(38, 9))) is null) THEN JSONB_BUILD_OBJECT('field', 'rating', 'change', 'NULLED', 'reason', 'DESTINATION_TYPECAST_ERROR') ELSE cast(null as jsonb) END , CASE WHEN ("_airbyte_data" -> 'user_id' is not null and JSONB_TYPEOF("_airbyte_data" -> 'user_id') <> 'null' and "pg_temp"."airbyte_safe_cast"(case when ("_airbyte_data" -> 'user_id' is null or JSONB_TYPEOF("_airbyte_data" -> 'user_id') = 'null') then null else cast("_airbyte_data" -> 'user_id' as varchar) end, cast(null as decimal(38, 9))) is null) THEN JSONB_BUILD_OBJECT('field', 'user_id', 'change', 'NULLED', 'reason', 'DESTINATION_TYPECAST_ERROR') ELSE cast(null as jsonb) END , CASE WHEN ("_airbyte_data" -> 'movie_id' is not null and JSONB_TYPEOF("_airbyte_data" -> 'movie_id') <> 'null' and "pg_temp"."airbyte_safe_cast"(case when ("_airbyte_data" -> 'movie_id' is null or JSONB_TYPEOF("_airbyte_data" -> 'movie_id') = 'null') then null else cast("_airbyte_data" -> 'movie_id' as varchar) end, cast(null as decimal(38, 9))) is null) THEN JSONB_BUILD_OBJECT('field', 'movie_id', 'change', 'NULLED', 'reason', 'DESTINATION_TYPECAST_ERROR') ELSE cast(null as jsonb) END , CASE WHEN ("_airbyte_data" -> 'Unnamed: 0' is not null and JSONB_TYPEOF("_airbyte_data" -> 'Unnamed: 0') <> 'null' and "pg_temp"."airbyte_safe_cast"(case when ("_airbyte_data" -> 'Unnamed: 0' is null or JSONB_TYPEOF("_airbyte_data" -> 'Unnamed: 0') = 'null') then null else cast("_airbyte_data" -> 'Unnamed: 0' as varchar) end, cast(null as decimal(38, 9))) is null) THEN JSONB_BUILD_OBJECT('field', 'Unnamed: 0', 'change', 'NULLED', 'reason', 'DESTINATION_TYPECAST_ERROR') ELSE cast(null as jsonb) END ] as jsonb[]), null), ARRAY(SELECT jsonb_array_elements_text("_airbyte_meta"#>'{changes}'))::jsonb[]), 'sync_id', "_airbyte_meta"#>'{sync_id}') as "_airbyte_meta" from "airbyte_internal"."source_raw__stream_scores" where ("_airbyte_loaded_at" is null and "_airbyte_extracted_at" > '2025-01-18T00:08:46Z')), "numbered_rows" as (select *, row_number() over (partition by "index" order by "_airbyte_extracted_at" desc) as "row_number" from "intermediate_data") select "Date", "index", "rating", "user_id", "movie_id", "Unnamed__0", "_airbyte_raw_id", "_airbyte_extracted_at", "_airbyte_generation_id", "_airbyte_meta" from "numbered_rows" where "row_number" = 1;
2025-01-18 16:16:47 [43mdestination[0m > INFO type-and-dedupe i.a.c.d.j.JdbcDatabase(executeWithinTransaction$lambda$1):65 executing query within transaction: delete from "source"."scores_airbyte_tmp" where "_airbyte_raw_id" in (select "_airbyte_raw_id" from (select "_airbyte_raw_id", row_number() over (partition by "index" order by "_airbyte_extracted_at" desc) as "row_number" from "source"."scores_airbyte_tmp") as "airbyte_ids" where "row_number" <> 1);
2025-01-18 16:16:47 [43mdestination[0m > INFO type-and-dedupe i.a.c.d.j.JdbcDatabase(executeWithinTransaction$lambda$1):69 done executing query within transaction: delete from "source"."scores_airbyte_tmp" where "_airbyte_raw_id" in (select "_airbyte_raw_id" from (select "_airbyte_raw_id", row_number() over (partition by "index" order by "_airbyte_extracted_at" desc) as "row_number" from "source"."scores_airbyte_tmp") as "airbyte_ids" where "row_number" <> 1);
2025-01-18 16:16:47 [43mdestination[0m > INFO type-and-dedupe i.a.c.d.j.JdbcDatabase(executeWithinTransaction$lambda$1):65 executing query within transaction: update "airbyte_internal"."source_raw__stream_scores" set "_airbyte_loaded_at" = current_timestamp where ("_airbyte_loaded_at" is null and "_airbyte_extracted_at" > '2025-01-18T00:08:46Z');
2025-01-18 16:16:48 [43mdestination[0m > INFO type-and-dedupe i.a.c.d.j.JdbcDatabase(executeWithinTransaction$lambda$1):69 done executing query within transaction: update "airbyte_internal"."source_raw__stream_scores" set "_airbyte_loaded_at" = current_timestamp where ("_airbyte_loaded_at" is null and "_airbyte_extracted_at" > '2025-01-18T00:08:46Z');
2025-01-18 16:16:48 [43mdestination[0m > INFO type-and-dedupe i.a.c.i.d.j.t.JdbcDestinationHandler(execute):184 Sql 95a7ffd2-7b86-4959-83d4-55b5d9dcfc38-8ea9642d-a42d-4056-b344-2ff83ce1a83e completed in 3926 ms
2025-01-18 16:16:48 [43mdestination[0m > INFO main i.a.i.b.d.t.DefaultTyperDeduper(commitFinalTables):355 Committing final tables
2025-01-18 16:16:48 [43mdestination[0m > INFO type-and-dedupe i.a.i.b.d.t.DefaultTyperDeduper(commitFinalTableTask$lambda$8):394 Overwriting final table with tmp table for stream source.scores
2025-01-18 16:16:48 [43mdestination[0m > INFO type-and-dedupe i.a.c.i.d.j.t.JdbcDestinationHandler(execute):172 Executing sql 5eaf552d-6ad9-4956-85e2-ea2c997721d6-56258ff7-88b8-4f24-8735-24170b99b37e: [drop table if exists "source"."scores";, alter table "source"."scores_airbyte_tmp" rename to "scores";]
2025-01-18 16:16:48 [43mdestination[0m > INFO type-and-dedupe i.a.c.d.j.JdbcDatabase(executeWithinTransaction$lambda$1):65 executing query within transaction: drop table if exists "source"."scores";
2025-01-18 16:16:48 [43mdestination[0m > INFO type-and-dedupe i.a.c.d.j.JdbcDatabase(executeWithinTransaction$lambda$1):69 done executing query within transaction: drop table if exists "source"."scores";
2025-01-18 16:16:48 [43mdestination[0m > INFO type-and-dedupe i.a.c.d.j.JdbcDatabase(executeWithinTransaction$lambda$1):65 executing query within transaction: alter table "source"."scores_airbyte_tmp" rename to "scores";
2025-01-18 16:16:48 [43mdestination[0m > INFO type-and-dedupe i.a.c.d.j.JdbcDatabase(executeWithinTransaction$lambda$1):69 done executing query within transaction: alter table "source"."scores_airbyte_tmp" rename to "scores";
2025-01-18 16:16:48 [43mdestination[0m > INFO type-and-dedupe i.a.c.i.d.j.t.JdbcDestinationHandler(execute):184 Sql 5eaf552d-6ad9-4956-85e2-ea2c997721d6-56258ff7-88b8-4f24-8735-24170b99b37e completed in 36 ms
2025-01-18 16:16:48 [43mdestination[0m > INFO main i.a.i.b.d.t.DefaultTyperDeduper(cleanup):418 Cleaning Up type-and-dedupe thread pool
2025-01-18 16:16:48 [43mdestination[0m > INFO main i.a.c.i.d.a.AsyncStreamConsumer(close):200 class io.airbyte.cdk.integrations.destination.async.AsyncStreamConsumer closed
2025-01-18 16:16:48 [43mdestination[0m > INFO main i.a.c.i.b.IntegrationRunner(runInternal):224 Completed integration: io.airbyte.cdk.integrations.base.ssh.SshWrappedDestination
2025-01-18 16:16:48 [43mdestination[0m > INFO main i.a.i.d.p.PostgresDestination$Companion(main):221 completed destination: class io.airbyte.integrations.destination.postgres.PostgresDestination
2025-01-18 16:16:49 [46mreplication-orchestrator[0m > Destination finished successfully — exiting read dest...
2025-01-18 16:16:49 [46mreplication-orchestrator[0m > readFromDestination: done. (writeToDestFailed:false, dest.isFinished:true)
2025-01-18 16:16:49 [46mreplication-orchestrator[0m > thread status... timeout thread: false , replication thread: true
2025-01-18 16:16:49 [46mreplication-orchestrator[0m > Closing StateCheckSumCountEventHandler
2025-01-18 16:16:49 [46mreplication-orchestrator[0m > sync summary: {
  "status" : "completed",
  "recordsSynced" : 0,
  "bytesSynced" : 0,
  "startTime" : 1737216985868,
  "endTime" : 1737217009197,
  "totalStats" : {
    "bytesCommitted" : 2548132,
    "bytesEmitted" : 2548132,
    "destinationStateMessagesEmitted" : 0,
    "destinationWriteEndTime" : 1737217009111,
    "destinationWriteStartTime" : 1737216985968,
    "meanSecondsBeforeSourceStateMessageEmitted" : 0,
    "maxSecondsBeforeSourceStateMessageEmitted" : 0,
    "maxSecondsBetweenStateMessageEmittedandCommitted" : 0,
    "meanSecondsBetweenStateMessageEmittedandCommitted" : 0,
    "recordsEmitted" : 25000,
    "recordsCommitted" : 25000,
    "replicationEndTime" : 1737217009190,
    "replicationStartTime" : 1737216985868,
    "sourceReadEndTime" : 1737216993357,
    "sourceReadStartTime" : 1737216985974,
    "sourceStateMessagesEmitted" : 0
  },
  "streamStats" : [ {
    "streamName" : "scores",
    "stats" : {
      "bytesCommitted" : 2548132,
      "bytesEmitted" : 2548132,
      "recordsEmitted" : 25000,
      "recordsCommitted" : 25000
    }
  } ],
  "performanceMetrics" : {
    "processFromSource" : {
      "elapsedTimeInNanos" : 1157849027,
      "executionCount" : 25003,
      "avgExecTimeInNanos" : 46308.40407151142
    },
    "readFromSource" : {
      "elapsedTimeInNanos" : 6236044630,
      "executionCount" : 25716,
      "avgExecTimeInNanos" : 242496.68027687044
    },
    "processFromDest" : {
      "elapsedTimeInNanos" : 0,
      "executionCount" : 0,
      "avgExecTimeInNanos" : "NaN"
    },
    "writeToDest" : {
      "elapsedTimeInNanos" : 1943134995,
      "executionCount" : 25000,
      "avgExecTimeInNanos" : 77725.3998
    },
    "readFromDest" : {
      "elapsedTimeInNanos" : 23116850707,
      "executionCount" : 3925,
      "avgExecTimeInNanos" : 5889643.4922293
    }
  }
}
2025-01-18 16:16:49 [46mreplication-orchestrator[0m > failures: [ ]
2025-01-18 16:16:49 [46mreplication-orchestrator[0m > 
2025-01-18 16:16:49 [46mreplication-orchestrator[0m > ----- END REPLICATION -----
2025-01-18 16:16:49 [46mreplication-orchestrator[0m > 
2025-01-18 16:16:49 [46mreplication-orchestrator[0m > Returning output...
