[32m2025-01-20 18:33:35 -0600[0m - dagster - [34mDEBUG[0m - __ASSET_JOB - 1a9cd0fb-0966-49ff-9d38-688aecc98239 - 53166 - LOGS_CAPTURED - Started capturing logs in process (pid: 53166).
[32m2025-01-20 18:33:35 -0600[0m - dagster - [34mDEBUG[0m - __ASSET_JOB - 1a9cd0fb-0966-49ff-9d38-688aecc98239 - 53166 - model_trained - STEP_START - Started execution of step "model_trained".
[32m2025-01-20 18:33:35 -0600[0m - dagster - [34mDEBUG[0m - __ASSET_JOB - 1a9cd0fb-0966-49ff-9d38-688aecc98239 - model_trained - Loading file from: /Users/ari/Desktop/github_repos/rec_sys/tmpfmir_qsu/storage/X_train using PickledObjectFilesystemIOManager...
[32m2025-01-20 18:33:35 -0600[0m - dagster - [34mDEBUG[0m - __ASSET_JOB - 1a9cd0fb-0966-49ff-9d38-688aecc98239 - 53166 - model_trained - LOADED_INPUT - Loaded input "X_train" using input manager "io_manager"
[32m2025-01-20 18:33:35 -0600[0m - dagster - [34mDEBUG[0m - __ASSET_JOB - 1a9cd0fb-0966-49ff-9d38-688aecc98239 - model_trained - Loading file from: /Users/ari/Desktop/github_repos/rec_sys/tmpfmir_qsu/storage/movie2Idx using PickledObjectFilesystemIOManager...
[32m2025-01-20 18:33:35 -0600[0m - dagster - [34mDEBUG[0m - __ASSET_JOB - 1a9cd0fb-0966-49ff-9d38-688aecc98239 - 53166 - model_trained - LOADED_INPUT - Loaded input "movie2Idx" using input manager "io_manager"
[32m2025-01-20 18:33:35 -0600[0m - dagster - [34mDEBUG[0m - __ASSET_JOB - 1a9cd0fb-0966-49ff-9d38-688aecc98239 - model_trained - Loading file from: /Users/ari/Desktop/github_repos/rec_sys/tmpfmir_qsu/storage/user2Idx using PickledObjectFilesystemIOManager...
[32m2025-01-20 18:33:35 -0600[0m - dagster - [34mDEBUG[0m - __ASSET_JOB - 1a9cd0fb-0966-49ff-9d38-688aecc98239 - 53166 - model_trained - LOADED_INPUT - Loaded input "user2Idx" using input manager "io_manager"
[32m2025-01-20 18:33:35 -0600[0m - dagster - [34mDEBUG[0m - __ASSET_JOB - 1a9cd0fb-0966-49ff-9d38-688aecc98239 - model_trained - Loading file from: /Users/ari/Desktop/github_repos/rec_sys/tmpfmir_qsu/storage/y_train using PickledObjectFilesystemIOManager...
[32m2025-01-20 18:33:35 -0600[0m - dagster - [34mDEBUG[0m - __ASSET_JOB - 1a9cd0fb-0966-49ff-9d38-688aecc98239 - 53166 - model_trained - LOADED_INPUT - Loaded input "y_train" using input manager "io_manager"
[32m2025-01-20 18:33:35 -0600[0m - dagster - [34mDEBUG[0m - __ASSET_JOB - 1a9cd0fb-0966-49ff-9d38-688aecc98239 - 53166 - model_trained - STEP_INPUT - Got input "X_train" of type "Any". (Type check passed).
[32m2025-01-20 18:33:35 -0600[0m - dagster - [34mDEBUG[0m - __ASSET_JOB - 1a9cd0fb-0966-49ff-9d38-688aecc98239 - 53166 - model_trained - STEP_INPUT - Got input "movie2Idx" of type "Any". (Type check passed).
[32m2025-01-20 18:33:35 -0600[0m - dagster - [34mDEBUG[0m - __ASSET_JOB - 1a9cd0fb-0966-49ff-9d38-688aecc98239 - 53166 - model_trained - STEP_INPUT - Got input "user2Idx" of type "Any". (Type check passed).
[32m2025-01-20 18:33:35 -0600[0m - dagster - [34mDEBUG[0m - __ASSET_JOB - 1a9cd0fb-0966-49ff-9d38-688aecc98239 - 53166 - model_trained - STEP_INPUT - Got input "y_train" of type "Any". (Type check passed).
[32m2025-01-20 18:33:39 -0600[0m - dagster - [34mERROR[0m - [31m__ASSET_JOB - 1a9cd0fb-0966-49ff-9d38-688aecc98239 - 53166 - model_trained - STEP_FAILURE - Execution of step "model_trained" failed.

dagster._core.errors.DagsterExecutionStepExecutionError: Error occurred while executing op "model_trained"::

TypeError: 'NoneType' object is not iterable

Stack Trace:
  File "/Users/ari/opt/miniconda3/envs/dagster-rs/lib/python3.12/site-packages/dagster/_core/execution/plan/utils.py", line 54, in op_execution_error_boundary
    yield
  File "/Users/ari/opt/miniconda3/envs/dagster-rs/lib/python3.12/site-packages/dagster/_utils/__init__.py", line 490, in iterate_with_context
    next_output = next(iterator)
                  ^^^^^^^^^^^^^^
  File "/Users/ari/opt/miniconda3/envs/dagster-rs/lib/python3.12/site-packages/dagster/_core/execution/plan/compute_generator.py", line 140, in _coerce_op_compute_fn_to_iterator
    result = invoke_compute_fn(
             ^^^^^^^^^^^^^^^^^^
  File "/Users/ari/opt/miniconda3/envs/dagster-rs/lib/python3.12/site-packages/dagster/_core/execution/plan/compute_generator.py", line 128, in invoke_compute_fn
    return fn(context, **args_to_pass) if context_arg_provided else fn(**args_to_pass)
           ^^^^^^^^^^^^^^^^^^^^^^^^^^^
  File "/Users/ari/Desktop/github_repos/rec_sys/rec_sys/assets/train_model.py", line 90, in model_trained
    mlflow.log_params(context.op_config)
  File "/Users/ari/opt/miniconda3/envs/dagster-rs/lib/python3.12/site-packages/dagster_mlflow/resources.py", line 226, in log_params
    for param_chunk in MlFlow.chunks(params, 100):
                       ^^^^^^^^^^^^^^^^^^^^^^^^^^
  File "/Users/ari/opt/miniconda3/envs/dagster-rs/lib/python3.12/site-packages/dagster_mlflow/resources.py", line 240, in chunks
    it = iter(params)
         ^^^^^^^^^^^^
[0m
