[32m2025-01-18 15:53:59 -0600[0m - dagster - [34mDEBUG[0m - __ASSET_JOB - f8410072-c0b5-4b15-a820-d5e912610ac0 - 21415 - LOGS_CAPTURED - Started capturing logs in process (pid: 21415).
[32m2025-01-18 15:53:59 -0600[0m - dagster - [34mDEBUG[0m - __ASSET_JOB - f8410072-c0b5-4b15-a820-d5e912610ac0 - 21415 - training_data - STEP_START - Started execution of step "training_data".
[32m2025-01-18 15:53:59 -0600[0m - dagster - [34mERROR[0m - [31m__ASSET_JOB - f8410072-c0b5-4b15-a820-d5e912610ac0 - 21415 - training_data - STEP_FAILURE - Execution of step "training_data" failed.

dagster._core.errors.DagsterExecutionStepExecutionError: Error occurred while executing op "training_data"::

AttributeError: 'AssetExecutionContext' object has no attribute 'upstream_output'

Stack Trace:
  File "/Users/ari/opt/miniconda3/envs/dagster-rs/lib/python3.12/site-packages/dagster/_core/execution/plan/utils.py", line 54, in op_execution_error_boundary
    yield
  File "/Users/ari/opt/miniconda3/envs/dagster-rs/lib/python3.12/site-packages/dagster/_utils/__init__.py", line 490, in iterate_with_context
    next_output = next(iterator)
                  ^^^^^^^^^^^^^^
  File "/Users/ari/opt/miniconda3/envs/dagster-rs/lib/python3.12/site-packages/dagster/_core/execution/plan/compute_generator.py", line 140, in _coerce_op_compute_fn_to_iterator
    result = invoke_compute_fn(
             ^^^^^^^^^^^^^^^^^^
  File "/Users/ari/opt/miniconda3/envs/dagster-rs/lib/python3.12/site-packages/dagster/_core/execution/plan/compute_generator.py", line 128, in invoke_compute_fn
    return fn(context, **args_to_pass) if context_arg_provided else fn(**args_to_pass)
           ^^^^^^^^^^^^^^^^^^^^^^^^^^^
  File "/Users/ari/Desktop/github_repos/rec_sys/rec_sys/assets/train_model.py", line 19, in training_data
    data_frame = context.resources.postgres_io_manager.load_input(context)
                 ^^^^^^^^^^^^^^^^^^^^^^^^^^^^^^^^^^^^^^^^^^^^^^^^^^^^^^^^^
  File "/Users/ari/Desktop/github_repos/rec_sys/rec_sys/resources/__init__.py", line 53, in load_input
    table_name = context.upstream_output.asset_key.path[-1]
                 ^^^^^^^^^^^^^^^^^^^^^^^
[0m
